{"/Library/WebServer/Documents/phantomjs-test-suite/spec/unit.runner.js":{"path":"/Library/WebServer/Documents/phantomjs-test-suite/spec/unit.runner.js","s":{"1":1,"2":1,"3":1,"4":1,"5":1,"6":1,"7":1,"8":1,"9":1,"10":1,"11":0,"12":1,"13":1},"b":{"1":[1,0],"2":[0,0]},"f":{"1":1},"fnMap":{"1":{"name":"(anonymous_1)","line":18,"loc":{"start":{"line":18,"column":14},"end":{"line":18,"column":31}}}},"statementMap":{"1":{"start":{"line":1,"column":0},"end":{"line":1,"column":15}},"2":{"start":{"line":2,"column":0},"end":{"line":2,"column":36}},"3":{"start":{"line":3,"column":0},"end":{"line":3,"column":72}},"4":{"start":{"line":4,"column":0},"end":{"line":4,"column":75}},"5":{"start":{"line":6,"column":0},"end":{"line":6,"column":71}},"6":{"start":{"line":9,"column":0},"end":{"line":9,"column":36}},"7":{"start":{"line":12,"column":0},"end":{"line":12,"column":30}},"8":{"start":{"line":15,"column":0},"end":{"line":24,"column":4}},"9":{"start":{"line":19,"column":4},"end":{"line":21,"column":5}},"10":{"start":{"line":20,"column":6},"end":{"line":20,"column":94}},"11":{"start":{"line":22,"column":4},"end":{"line":22,"column":59}},"12":{"start":{"line":27,"column":0},"end":{"line":27,"column":33}},"13":{"start":{"line":28,"column":0},"end":{"line":28,"column":21}}},"branchMap":{"1":{"line":19,"type":"if","locations":[{"start":{"line":19,"column":4},"end":{"line":19,"column":4}},{"start":{"line":19,"column":4},"end":{"line":19,"column":4}}]},"2":{"line":22,"type":"cond-expr","locations":[{"start":{"line":22,"column":52},"end":{"line":22,"column":53}},{"start":{"line":22,"column":56},"end":{"line":22,"column":57}}]}},"l":{"1":1,"2":1,"3":1,"4":1,"6":1,"9":1,"12":1,"15":1,"19":1,"20":1,"22":0,"27":1,"28":1}},"/Library/WebServer/Documents/phantomjs-test-suite/spec/lib/jasmine-phantom/jasmine-1.3.1.js":{"path":"/Library/WebServer/Documents/phantomjs-test-suite/spec/lib/jasmine-phantom/jasmine-1.3.1.js","s":{"1":1,"2":1,"3":0,"4":1,"5":1,"6":1,"7":1,"8":1,"9":1,"10":1,"11":1,"12":12,"13":12,"14":1,"15":4,"16":4,"17":4,"18":1,"19":0,"20":1,"21":1,"22":1,"23":1,"24":1,"25":0,"26":0,"27":0,"28":1,"29":0,"30":0,"31":0,"32":0,"33":0,"34":0,"35":0,"36":0,"37":1,"38":5,"39":5,"40":5,"41":5,"42":5,"43":5,"44":5,"45":5,"46":1,"47":0,"48":1,"49":5,"50":1,"51":33,"52":33,"53":1,"54":0,"55":1,"56":0,"57":1,"58":0,"59":1,"60":0,"61":1,"62":0,"63":0,"64":0,"65":1,"66":0,"67":1,"68":0,"69":1,"70":0,"71":1,"72":3,"73":3,"74":3,"75":3,"76":3,"77":3,"78":1,"79":0,"80":0,"81":1,"82":1,"83":1,"84":1,"85":1,"86":0,"87":0,"88":0,"89":1,"90":2,"91":2,"92":1,"93":3,"94":3,"95":3,"96":3,"97":3,"98":1,"99":3,"100":3,"101":3,"102":3,"103":3,"104":3,"105":3,"106":3,"107":3,"108":3,"109":3,"110":33,"111":3,"112":3,"113":1,"114":1,"115":1,"116":0,"117":0,"118":0,"119":0,"120":0,"121":0,"122":1,"123":0,"124":0,"125":1,"126":3,"127":1,"128":1,"129":5,"130":1,"131":1,"132":0,"133":1,"134":1,"135":5,"136":1,"137":1,"138":1,"139":1,"140":1,"141":0,"142":1,"143":1,"144":1,"145":1,"146":1,"147":7,"148":1,"149":1,"150":0,"151":1,"152":1,"153":8,"154":1,"155":1,"156":0,"157":1,"158":1,"159":1,"160":0,"161":0,"162":0,"163":0,"164":0,"165":0,"166":0,"167":0,"168":0,"169":0,"170":0,"171":1,"172":1,"173":10,"174":10,"175":10,"176":1,"177":0,"178":0,"179":0,"180":0,"181":0,"182":0,"183":0,"184":0,"185":0,"186":0,"187":0,"188":0,"189":0,"190":0,"191":1,"192":0,"193":0,"194":0,"195":1,"196":8,"197":8,"198":5,"199":8,"200":1,"201":0,"202":0,"203":0,"204":1,"205":1,"206":1,"207":1,"208":1,"209":1,"210":1,"211":1,"212":1,"213":5,"214":1,"215":1,"216":1,"217":1,"218":10,"219":1,"220":1,"221":1,"222":1,"223":1,"224":1,"225":1,"226":0,"227":0,"228":0,"229":1,"230":0,"231":0,"232":0,"233":0,"234":0,"235":0,"236":0,"237":0,"238":1,"239":5,"240":1,"241":8,"242":1,"243":1,"244":1,"245":1,"246":1,"247":8,"248":8,"249":8,"250":7,"251":1,"252":8,"253":8,"254":8,"255":8,"256":0,"257":8,"258":0,"259":0,"260":8,"261":8,"262":1,"263":7,"264":6,"265":1,"266":1,"267":12,"268":1,"269":0,"270":0,"271":0,"272":1,"273":0,"274":1,"275":5,"276":5,"277":5,"278":5,"279":5,"280":5,"281":1,"282":0,"283":1,"284":0,"285":0,"286":0,"287":0,"288":0,"289":0,"290":0,"291":0,"292":0,"293":0,"294":0,"295":1,"296":0,"297":0,"298":0,"299":0,"300":0,"301":0,"302":0,"303":0,"304":0,"305":0,"306":0,"307":0,"308":0,"309":0,"310":0,"311":0,"312":0,"313":0,"314":0,"315":0,"316":0,"317":0,"318":1,"319":2,"320":2,"321":2,"322":0,"323":0,"324":0,"325":0,"326":2,"327":2,"328":0,"329":0,"330":0,"331":0,"332":0,"333":0,"334":0,"335":0,"336":0,"337":0,"338":0,"339":0,"340":0,"341":0,"342":0,"343":0,"344":0,"345":0,"346":0,"347":0,"348":0,"349":0,"350":0,"351":1,"352":0,"353":0,"354":0,"355":0,"356":0,"357":0,"358":1,"359":0,"360":1,"361":1,"362":1,"363":1,"364":1,"365":1,"366":1,"367":1,"368":23,"369":23,"370":23,"371":1,"372":22,"373":0,"374":22,"375":22,"376":0,"377":22,"378":1,"379":0,"380":0,"381":0,"382":0,"383":1,"384":0,"385":0,"386":0,"387":0,"388":0,"389":1,"390":0,"391":1,"392":0,"393":0,"394":0,"395":0,"396":0,"397":0,"398":0,"399":1,"400":0,"401":1,"402":0,"403":1,"404":0,"405":1,"406":1,"407":0,"408":1,"409":1,"410":0,"411":0,"412":0,"413":0,"414":0,"415":1,"416":0,"417":0,"418":0,"419":0,"420":0,"421":0,"422":1,"423":10,"424":10,"425":10,"426":10,"427":10,"428":1,"429":0,"430":1,"431":0,"432":1,"433":6,"434":275,"435":1,"436":274,"437":274,"438":1,"439":274,"440":5,"441":5,"442":5,"443":0,"444":5,"445":0,"446":5,"447":5,"448":0,"449":0,"450":0,"451":0,"452":0,"453":0,"454":0,"455":0,"456":0,"457":0,"458":0,"459":0,"460":0,"461":5,"462":5,"463":5,"464":1,"465":0,"466":1,"467":0,"468":1,"469":2,"470":1,"471":0,"472":1,"473":0,"474":1,"475":0,"476":1,"477":0,"478":1,"479":0,"480":1,"481":0,"482":1,"483":0,"484":0,"485":0,"486":1,"487":0,"488":1,"489":0,"490":1,"491":1,"492":0,"493":1,"494":0,"495":1,"496":0,"497":1,"498":1,"499":1,"500":0,"501":0,"502":0,"503":0,"504":0,"505":0,"506":0,"507":1,"508":0,"509":0,"510":0,"511":0,"512":0,"513":0,"514":0,"515":0,"516":0,"517":0,"518":0,"519":1,"520":1,"521":0,"522":0,"523":0,"524":0,"525":0,"526":0,"527":1,"528":0,"529":1,"530":0,"531":1,"532":0,"533":1,"534":0,"535":1,"536":0,"537":0,"538":0,"539":1,"540":0,"541":0,"542":0,"543":0,"544":0,"545":0,"546":0,"547":0,"548":0,"549":0,"550":0,"551":0,"552":0,"553":0,"554":0,"555":1,"556":0,"557":1,"558":0,"559":0,"560":0,"561":0,"562":0,"563":0,"564":0,"565":0,"566":0,"567":1,"568":0,"569":1,"570":0,"571":1,"572":0,"573":0,"574":0,"575":0,"576":0,"577":0,"578":0,"579":0,"580":0,"581":0,"582":0,"583":1,"584":0,"585":1,"586":1,"587":1,"588":1,"589":0,"590":0,"591":0,"592":1,"593":0,"594":0,"595":0,"596":1,"597":0,"598":1,"599":0,"600":1,"601":1,"602":1,"603":1,"604":1,"605":0,"606":0,"607":0,"608":0,"609":1,"610":0,"611":0,"612":0,"613":0,"614":0,"615":0,"616":0,"617":0,"618":0,"619":0,"620":0,"621":0,"622":0,"623":0,"624":0,"625":0,"626":0,"627":0,"628":1,"629":0,"630":1,"631":0,"632":0,"633":0,"634":0,"635":0,"636":0,"637":0,"638":0,"639":0,"640":0,"641":0,"642":0,"643":0,"644":0,"645":0,"646":0,"647":1,"648":1,"649":0,"650":0,"651":0,"652":1,"653":0,"654":0,"655":0,"656":1,"657":0,"658":0,"659":0,"660":1,"661":0,"662":0,"663":0,"664":1,"665":1,"666":1,"667":1,"668":1,"669":1,"670":1,"671":1,"672":6,"673":6,"674":6,"675":20,"676":20,"677":20,"678":15,"679":1,"680":23,"681":23,"682":23,"683":23,"684":23,"685":1,"686":26,"687":26,"688":26,"689":1,"690":0,"691":1,"692":0,"693":1,"694":31,"695":31,"696":26,"697":5,"698":5,"699":5,"700":0,"701":31,"702":1,"703":5,"704":1,"705":0,"706":1,"707":0,"708":0,"709":0,"710":0,"711":0,"712":0,"713":0,"714":0,"715":0,"716":0,"717":0,"718":0,"719":0,"720":0,"721":0,"722":0,"723":0,"724":0,"725":0,"726":0,"727":0,"728":0,"729":0,"730":0,"731":0,"732":0,"733":0,"734":0,"735":0,"736":0,"737":0,"738":0,"739":1,"740":0,"741":0,"742":0,"743":0,"744":0,"745":0,"746":1,"747":1,"748":1,"749":1,"750":1,"751":0,"752":0,"753":1,"754":1,"755":0,"756":1,"757":0,"758":1,"759":0,"760":0,"761":0,"762":0,"763":0,"764":0,"765":0,"766":0,"767":0,"768":1,"769":0,"770":0,"771":0,"772":0,"773":0,"774":0,"775":0,"776":0,"777":0,"778":0,"779":0,"780":0,"781":0,"782":0,"783":0,"784":0,"785":1,"786":0,"787":1,"788":14,"789":14,"790":14,"791":14,"792":14,"793":14,"794":14,"795":1,"796":16,"797":16,"798":16,"799":16,"800":1,"801":18,"802":18,"803":18,"804":18,"805":1,"806":2,"807":2,"808":2,"809":2,"810":2,"811":1,"812":14,"813":14,"814":14,"815":1,"816":7,"817":1,"818":1,"819":18,"820":18,"821":18,"822":50,"823":50,"824":36,"825":36,"826":36,"827":69,"828":33,"829":33,"830":36,"831":0,"832":36,"833":36,"834":36,"835":36,"836":1,"837":1,"838":1,"839":35,"840":32,"841":3,"842":36,"843":36,"844":36,"845":33,"846":14,"847":14,"848":14,"849":1,"850":18,"851":18,"852":26,"853":26,"854":18,"855":1,"856":1,"857":1,"858":1,"859":1,"860":1,"861":1,"862":1,"863":1,"864":1,"865":1,"866":1,"867":1,"868":1,"869":1,"870":1,"871":1,"872":0,"873":0,"874":1,"875":1,"876":1,"877":8,"878":1,"879":1,"880":1,"881":1,"882":1,"883":2,"884":2,"885":2,"886":16,"887":2,"888":1,"889":2,"890":1,"891":1,"892":1,"893":8,"894":1,"895":1,"896":1,"897":2,"898":1,"899":5,"900":0,"901":5,"902":0,"903":5,"904":5,"905":5,"906":5,"907":5,"908":5,"909":5,"910":5,"911":5,"912":5,"913":5,"914":1,"915":0,"916":1,"917":20,"918":1,"919":0,"920":1,"921":6,"922":6,"923":6,"924":1,"925":7,"926":2,"927":5,"928":1,"929":5,"930":1,"931":5,"932":5,"933":5,"934":1,"935":0,"936":0,"937":0,"938":1,"939":1,"940":1,"941":1,"942":1,"943":1,"944":1,"945":1,"946":1,"947":0,"948":0,"949":0,"950":0,"951":1,"952":1,"953":1,"954":1,"955":0,"956":0,"957":1,"958":15,"959":1,"960":5,"961":5,"962":10,"963":5,"964":5,"965":5,"966":1,"967":5,"968":1,"969":5,"970":5,"971":5,"972":5,"973":1,"974":0,"975":0,"976":0,"977":1,"978":5,"979":5,"980":0,"981":0,"982":0,"983":5,"984":5,"985":5,"986":5,"987":5,"988":1,"989":5,"990":5,"991":5,"992":16,"993":11,"994":5,"995":5,"996":5,"997":0,"998":5,"999":16,"1000":0,"1001":5,"1002":0,"1003":1,"1004":0,"1005":1,"1006":3,"1007":0,"1008":3,"1009":0,"1010":3,"1011":0,"1012":3,"1013":3,"1014":3,"1015":3,"1016":3,"1017":3,"1018":3,"1019":1,"1020":5,"1021":3,"1022":3,"1023":5,"1024":1,"1025":8,"1026":8,"1027":8,"1028":8,"1029":8,"1030":8,"1031":8,"1032":8,"1033":8,"1034":8,"1035":8,"1036":1,"1037":0,"1038":0,"1039":0,"1040":0,"1041":1,"1042":8,"1043":8,"1044":8,"1045":8,"1046":1,"1047":6,"1048":6,"1049":1,"1050":0,"1051":0,"1052":1,"1053":16,"1054":1,"1055":12,"1056":12,"1057":7,"1058":7,"1059":5,"1060":12,"1061":1,"1062":16,"1063":1,"1064":0,"1065":1,"1066":8,"1067":1,"1068":8,"1069":8,"1070":8,"1071":1,"1072":0,"1073":0,"1074":1,"1075":1,"1076":0,"1077":0,"1078":0,"1079":0,"1080":1,"1081":1,"1082":1,"1083":1,"1084":1,"1085":1,"1086":1,"1087":1,"1088":1,"1089":1,"1090":0,"1091":1,"1092":1,"1093":1,"1094":0,"1095":0,"1096":0,"1097":1,"1098":1,"1099":0,"1100":0,"1101":0,"1102":0,"1103":0,"1104":0,"1105":0,"1106":0,"1107":0,"1108":1,"1109":1},"b":{"1":[4,0],"2":[0,0],"3":[0,0],"4":[5,0],"5":[5,5],"6":[5,0],"7":[33,1],"8":[3,0],"9":[1,1],"10":[0,0],"11":[0,0],"12":[0,1],"13":[0,0,0,0],"14":[0,0],"15":[0,0],"16":[0,0],"17":[0,0],"18":[0,0],"19":[0,0],"20":[0,0],"21":[0,0],"22":[0,0],"23":[0,0],"24":[0,0],"25":[0,0],"26":[0,0],"27":[7,1],"28":[0,8],"29":[6,1],"30":[0,0],"31":[5,0],"32":[0,0],"33":[0,0],"34":[0,0],"35":[0,0],"36":[0,0],"37":[0,0],"38":[0,0],"39":[0,0],"40":[0,0],"41":[0,0],"42":[0,0],"43":[0,0],"44":[0,0],"45":[0,0],"46":[0,0],"47":[0,0],"48":[0,0],"49":[0,0],"50":[0,0],"51":[0,0],"52":[0,0],"53":[0,0,0],"54":[0,0],"55":[2,2],"56":[2,2],"57":[0,0],"58":[2,0],"59":[0,0],"60":[0,0,0,0],"61":[0,0],"62":[0,0],"63":[0,0],"64":[0,0],"65":[0,0],"66":[0,0],"67":[0,0],"68":[0,0],"69":[0,0],"70":[0,0],"71":[0,0],"72":[0,0],"73":[0,0],"74":[0,0],"75":[0,0],"76":[0,0],"77":[0,0],"78":[0,0],"79":[0,0],"80":[0,22],"81":[0,0],"82":[0,0],"83":[0,0],"84":[0,0],"85":[0,0],"86":[0,0],"87":[0,0],"88":[10,5],"89":[1,274],"90":[0,5],"91":[0,5],"92":[0,5],"93":[0,0],"94":[0,0],"95":[0,0],"96":[0,0],"97":[0,0],"98":[0,0],"99":[0,5],"100":[0,1],"101":[0,1],"102":[0,0],"103":[0,0],"104":[0,0],"105":[0,0],"106":[0,0],"107":[0,0],"108":[0,0],"109":[0,0],"110":[0,0],"111":[0,0],"112":[0,0],"113":[0,0],"114":[0,0],"115":[0,0],"116":[0,0,0],"117":[0,0],"118":[0,0],"119":[0,0],"120":[0,0],"121":[0,0],"122":[0,0],"123":[0,0],"124":[0,0],"125":[0,0],"126":[0,0],"127":[0,0],"128":[0,0],"129":[0,0],"130":[0,0],"131":[0,0],"132":[0,0],"133":[0,0],"134":[0,0],"135":[0,0],"136":[0,0],"137":[0,0],"138":[0,0],"139":[0,0,0],"140":[0,0],"141":[0,0],"142":[0,0],"143":[0,0],"144":[0,0],"145":[0,0],"146":[0,0],"147":[0,0],"148":[15,5],"149":[31,0],"150":[26,5],"151":[5,0],"152":[0,0],"153":[0,0],"154":[0,0],"155":[0,0],"156":[0,0],"157":[0,0],"158":[0,0],"159":[0,0],"160":[0,0],"161":[0,0],"162":[0,0],"163":[0,0],"164":[0,0],"165":[0,0],"166":[0,0],"167":[0,0],"168":[0,0],"169":[0,0],"170":[0,0],"171":[0,0],"172":[0,0],"173":[0,0],"174":[0,0],"175":[0,0],"176":[16,0],"177":[18,0],"178":[2,0],"179":[36,14],"180":[50,36],"181":[36,0],"182":[33,36],"183":[69,69],"184":[0,36],"185":[1,35],"186":[36,36],"187":[32,3],"188":[35,35],"189":[33,3],"190":[14,0],"191":[26,0],"192":[1,0],"193":[1,0],"194":[1,7],"195":[0,5],"196":[0,5],"197":[5,0],"198":[2,5],"199":[1,0,0],"200":[0,0],"201":[15,5],"202":[5,0],"203":[0,0],"204":[0,5],"205":[0,3],"206":[0,3],"207":[3,3],"208":[0,3],"209":[3,3,3],"210":[8,0],"211":[8,0],"212":[7,5],"213":[0,0],"214":[1,1],"215":[0,1],"216":[0,0],"217":[1,0],"218":[0,0],"219":[0,0]},"f":{"1":0,"2":12,"3":12,"4":4,"5":1,"6":0,"7":0,"8":5,"9":0,"10":5,"11":33,"12":0,"13":0,"14":0,"15":0,"16":0,"17":0,"18":0,"19":0,"20":3,"21":0,"22":0,"23":1,"24":1,"25":0,"26":0,"27":2,"28":3,"29":3,"30":3,"31":1,"32":0,"33":0,"34":3,"35":5,"36":0,"37":5,"38":1,"39":0,"40":1,"41":7,"42":0,"43":8,"44":0,"45":0,"46":0,"47":0,"48":0,"49":0,"50":0,"51":10,"52":10,"53":0,"54":0,"55":8,"56":0,"57":1,"58":5,"59":10,"60":0,"61":0,"62":5,"63":8,"64":1,"65":1,"66":8,"67":0,"68":7,"69":12,"70":0,"71":0,"72":0,"73":5,"74":0,"75":0,"76":0,"77":0,"78":0,"79":2,"80":0,"81":0,"82":0,"83":0,"84":0,"85":0,"86":0,"87":0,"88":0,"89":23,"90":22,"91":0,"92":0,"93":0,"94":0,"95":0,"96":0,"97":0,"98":0,"99":0,"100":0,"101":0,"102":0,"103":10,"104":0,"105":0,"106":6,"107":274,"108":5,"109":0,"110":0,"111":0,"112":2,"113":0,"114":0,"115":0,"116":0,"117":0,"118":0,"119":0,"120":0,"121":0,"122":0,"123":1,"124":0,"125":0,"126":0,"127":0,"128":0,"129":0,"130":0,"131":0,"132":0,"133":0,"134":0,"135":0,"136":0,"137":0,"138":0,"139":0,"140":0,"141":0,"142":0,"143":0,"144":0,"145":1,"146":0,"147":0,"148":0,"149":0,"150":1,"151":0,"152":0,"153":0,"154":0,"155":0,"156":0,"157":0,"158":0,"159":0,"160":0,"161":0,"162":0,"163":0,"164":0,"165":0,"166":0,"167":0,"168":1,"169":1,"170":1,"171":6,"172":20,"173":23,"174":26,"175":0,"176":0,"177":31,"178":5,"179":0,"180":0,"181":0,"182":0,"183":0,"184":0,"185":0,"186":0,"187":0,"188":0,"189":14,"190":16,"191":18,"192":2,"193":14,"194":7,"195":18,"196":69,"197":1,"198":18,"199":1,"200":1,"201":1,"202":1,"203":0,"204":1,"205":8,"206":1,"207":2,"208":2,"209":1,"210":2,"211":5,"212":0,"213":20,"214":0,"215":6,"216":7,"217":5,"218":5,"219":0,"220":1,"221":0,"222":15,"223":5,"224":10,"225":5,"226":5,"227":0,"228":5,"229":5,"230":5,"231":0,"232":3,"233":5,"234":8,"235":0,"236":8,"237":6,"238":0,"239":16,"240":12,"241":16,"242":0,"243":8,"244":8,"245":8,"246":0,"247":0,"248":0,"249":1,"250":1,"251":0},"fnMap":{"1":{"name":"(anonymous_1)","line":11,"loc":{"start":{"line":11,"column":31},"end":{"line":11,"column":42}}},"2":{"name":"(anonymous_2)","line":52,"loc":{"start":{"line":52,"column":20},"end":{"line":52,"column":31}}},"3":{"name":"getGlobal","line":53,"loc":{"start":{"line":53,"column":2},"end":{"line":53,"column":23}}},"4":{"name":"(anonymous_4)","line":68,"loc":{"start":{"line":68,"column":24},"end":{"line":68,"column":45}}},"5":{"name":"(anonymous_5)","line":71,"loc":{"start":{"line":71,"column":11},"end":{"line":71,"column":22}}},"6":{"name":"(anonymous_6)","line":85,"loc":{"start":{"line":85,"column":24},"end":{"line":85,"column":41}}},"7":{"name":"(anonymous_7)","line":91,"loc":{"start":{"line":91,"column":43},"end":{"line":91,"column":54}}},"8":{"name":"(anonymous_8)","line":104,"loc":{"start":{"line":104,"column":28},"end":{"line":104,"column":45}}},"9":{"name":"(anonymous_9)","line":116,"loc":{"start":{"line":116,"column":47},"end":{"line":116,"column":59}}},"10":{"name":"(anonymous_10)","line":120,"loc":{"start":{"line":120,"column":45},"end":{"line":120,"column":57}}},"11":{"name":"(anonymous_11)","line":127,"loc":{"start":{"line":127,"column":17},"end":{"line":127,"column":28}}},"12":{"name":"(anonymous_12)","line":138,"loc":{"start":{"line":138,"column":19},"end":{"line":138,"column":35}}},"13":{"name":"(anonymous_13)","line":148,"loc":{"start":{"line":148,"column":20},"end":{"line":148,"column":36}}},"14":{"name":"(anonymous_14)","line":158,"loc":{"start":{"line":158,"column":20},"end":{"line":158,"column":36}}},"15":{"name":"(anonymous_15)","line":169,"loc":{"start":{"line":169,"column":15},"end":{"line":169,"column":41}}},"16":{"name":"(anonymous_16)","line":179,"loc":{"start":{"line":179,"column":13},"end":{"line":179,"column":29}}},"17":{"name":"(anonymous_17)","line":191,"loc":{"start":{"line":191,"column":20},"end":{"line":191,"column":34}}},"18":{"name":"(anonymous_18)","line":205,"loc":{"start":{"line":205,"column":14},"end":{"line":205,"column":30}}},"19":{"name":"(anonymous_19)","line":220,"loc":{"start":{"line":220,"column":27},"end":{"line":220,"column":45}}},"20":{"name":"(anonymous_20)","line":268,"loc":{"start":{"line":268,"column":14},"end":{"line":268,"column":29}}},"21":{"name":"(anonymous_21)","line":280,"loc":{"start":{"line":280,"column":14},"end":{"line":280,"column":25}}},"22":{"name":"(anonymous_22)","line":316,"loc":{"start":{"line":316,"column":39},"end":{"line":316,"column":50}}},"23":{"name":"(anonymous_23)","line":333,"loc":{"start":{"line":333,"column":34},"end":{"line":333,"column":50}}},"24":{"name":"(anonymous_24)","line":334,"loc":{"start":{"line":334,"column":14},"end":{"line":334,"column":25}}},"25":{"name":"(anonymous_25)","line":352,"loc":{"start":{"line":352,"column":33},"end":{"line":352,"column":56}}},"26":{"name":"(anonymous_26)","line":353,"loc":{"start":{"line":353,"column":14},"end":{"line":353,"column":25}}},"27":{"name":"(anonymous_27)","line":374,"loc":{"start":{"line":374,"column":36},"end":{"line":374,"column":55}}},"28":{"name":"(anonymous_28)","line":393,"loc":{"start":{"line":393,"column":30},"end":{"line":393,"column":41}}},"29":{"name":"(anonymous_29)","line":401,"loc":{"start":{"line":401,"column":20},"end":{"line":401,"column":35}}},"30":{"name":"(anonymous_30)","line":403,"loc":{"start":{"line":403,"column":15},"end":{"line":403,"column":26}}},"31":{"name":"(anonymous_31)","line":431,"loc":{"start":{"line":431,"column":16},"end":{"line":431,"column":38}}},"32":{"name":"(anonymous_32)","line":442,"loc":{"start":{"line":442,"column":23},"end":{"line":442,"column":55}}},"33":{"name":"(anonymous_33)","line":458,"loc":{"start":{"line":458,"column":14},"end":{"line":458,"column":25}}},"34":{"name":"(anonymous_34)","line":478,"loc":{"start":{"line":478,"column":12},"end":{"line":478,"column":38}}},"35":{"name":"(anonymous_35)","line":496,"loc":{"start":{"line":496,"column":9},"end":{"line":496,"column":30}}},"36":{"name":"(anonymous_36)","line":509,"loc":{"start":{"line":509,"column":10},"end":{"line":509,"column":31}}},"37":{"name":"(anonymous_37)","line":523,"loc":{"start":{"line":523,"column":13},"end":{"line":523,"column":30}}},"38":{"name":"(anonymous_38)","line":533,"loc":{"start":{"line":533,"column":11},"end":{"line":533,"column":26}}},"39":{"name":"(anonymous_39)","line":544,"loc":{"start":{"line":544,"column":12},"end":{"line":544,"column":30}}},"40":{"name":"(anonymous_40)","line":556,"loc":{"start":{"line":556,"column":15},"end":{"line":556,"column":82}}},"41":{"name":"(anonymous_41)","line":568,"loc":{"start":{"line":568,"column":17},"end":{"line":568,"column":46}}},"42":{"name":"(anonymous_42)","line":580,"loc":{"start":{"line":580,"column":16},"end":{"line":580,"column":44}}},"43":{"name":"(anonymous_43)","line":600,"loc":{"start":{"line":600,"column":15},"end":{"line":600,"column":54}}},"44":{"name":"(anonymous_44)","line":611,"loc":{"start":{"line":611,"column":16},"end":{"line":611,"column":55}}},"45":{"name":"(anonymous_45)","line":618,"loc":{"start":{"line":618,"column":66},"end":{"line":618,"column":77}}},"46":{"name":"tryIt","line":619,"loc":{"start":{"line":619,"column":2},"end":{"line":619,"column":20}}},"47":{"name":"(anonymous_47)","line":627,"loc":{"start":{"line":627,"column":18},"end":{"line":627,"column":29}}},"48":{"name":"(anonymous_48)","line":630,"loc":{"start":{"line":630,"column":10},"end":{"line":630,"column":21}}},"49":{"name":"(anonymous_49)","line":633,"loc":{"start":{"line":633,"column":10},"end":{"line":633,"column":21}}},"50":{"name":"(anonymous_50)","line":636,"loc":{"start":{"line":636,"column":10},"end":{"line":636,"column":21}}},"51":{"name":"(anonymous_51)","line":656,"loc":{"start":{"line":656,"column":23},"end":{"line":656,"column":57}}},"52":{"name":"(anonymous_52)","line":660,"loc":{"start":{"line":660,"column":17},"end":{"line":660,"column":28}}},"53":{"name":"(anonymous_53)","line":666,"loc":{"start":{"line":666,"column":31},"end":{"line":666,"column":43}}},"54":{"name":"(anonymous_54)","line":693,"loc":{"start":{"line":693,"column":26},"end":{"line":693,"column":40}}},"55":{"name":"(anonymous_55)","line":700,"loc":{"start":{"line":700,"column":27},"end":{"line":700,"column":42}}},"56":{"name":"(anonymous_56)","line":706,"loc":{"start":{"line":706,"column":22},"end":{"line":706,"column":52}}},"57":{"name":"(anonymous_57)","line":716,"loc":{"start":{"line":716,"column":14},"end":{"line":716,"column":25}}},"58":{"name":"(anonymous_58)","line":726,"loc":{"start":{"line":726,"column":20},"end":{"line":726,"column":31}}},"59":{"name":"(anonymous_59)","line":735,"loc":{"start":{"line":735,"column":23},"end":{"line":735,"column":34}}},"60":{"name":"(anonymous_60)","line":752,"loc":{"start":{"line":752,"column":32},"end":{"line":752,"column":44}}},"61":{"name":"(anonymous_61)","line":763,"loc":{"start":{"line":763,"column":38},"end":{"line":763,"column":49}}},"62":{"name":"(anonymous_62)","line":780,"loc":{"start":{"line":780,"column":35},"end":{"line":780,"column":47}}},"63":{"name":"(anonymous_63)","line":787,"loc":{"start":{"line":787,"column":36},"end":{"line":787,"column":48}}},"64":{"name":"(anonymous_64)","line":795,"loc":{"start":{"line":795,"column":36},"end":{"line":795,"column":55}}},"65":{"name":"(anonymous_65)","line":799,"loc":{"start":{"line":799,"column":32},"end":{"line":799,"column":43}}},"66":{"name":"(anonymous_66)","line":803,"loc":{"start":{"line":803,"column":33},"end":{"line":803,"column":72}}},"67":{"name":"(anonymous_67)","line":823,"loc":{"start":{"line":823,"column":51},"end":{"line":823,"column":62}}},"68":{"name":"(anonymous_68)","line":833,"loc":{"start":{"line":833,"column":35},"end":{"line":833,"column":64}}},"69":{"name":"(anonymous_69)","line":841,"loc":{"start":{"line":841,"column":38},"end":{"line":841,"column":50}}},"70":{"name":"(anonymous_70)","line":845,"loc":{"start":{"line":845,"column":34},"end":{"line":845,"column":62}}},"71":{"name":"(anonymous_71)","line":854,"loc":{"start":{"line":854,"column":34},"end":{"line":854,"column":66}}},"72":{"name":"(anonymous_72)","line":856,"loc":{"start":{"line":856,"column":13},"end":{"line":856,"column":24}}},"73":{"name":"(anonymous_73)","line":861,"loc":{"start":{"line":861,"column":27},"end":{"line":861,"column":55}}},"74":{"name":"(anonymous_74)","line":873,"loc":{"start":{"line":873,"column":28},"end":{"line":873,"column":49}}},"75":{"name":"(anonymous_75)","line":876,"loc":{"start":{"line":876,"column":10},"end":{"line":876,"column":21}}},"76":{"name":"(anonymous_76)","line":881,"loc":{"start":{"line":881,"column":40},"end":{"line":881,"column":85}}},"77":{"name":"(anonymous_77)","line":900,"loc":{"start":{"line":900,"column":40},"end":{"line":900,"column":85}}},"78":{"name":"(anonymous_78)","line":908,"loc":{"start":{"line":908,"column":15},"end":{"line":908,"column":38}}},"79":{"name":"(anonymous_79)","line":938,"loc":{"start":{"line":938,"column":32},"end":{"line":938,"column":77}}},"80":{"name":"(anonymous_80)","line":998,"loc":{"start":{"line":998,"column":34},"end":{"line":998,"column":61}}},"81":{"name":"(anonymous_81)","line":1008,"loc":{"start":{"line":1008,"column":42},"end":{"line":1008,"column":67}}},"82":{"name":"(anonymous_82)","line":1015,"loc":{"start":{"line":1015,"column":19},"end":{"line":1015,"column":30}}},"83":{"name":"(anonymous_83)","line":1019,"loc":{"start":{"line":1019,"column":50},"end":{"line":1019,"column":67}}},"84":{"name":"(anonymous_84)","line":1023,"loc":{"start":{"line":1023,"column":49},"end":{"line":1023,"column":66}}},"85":{"name":"(anonymous_85)","line":1027,"loc":{"start":{"line":1027,"column":48},"end":{"line":1027,"column":64}}},"86":{"name":"(anonymous_86)","line":1031,"loc":{"start":{"line":1031,"column":48},"end":{"line":1031,"column":63}}},"87":{"name":"(anonymous_87)","line":1035,"loc":{"start":{"line":1035,"column":47},"end":{"line":1035,"column":62}}},"88":{"name":"(anonymous_88)","line":1039,"loc":{"start":{"line":1039,"column":33},"end":{"line":1039,"column":47}}},"89":{"name":"(anonymous_89)","line":1050,"loc":{"start":{"line":1050,"column":16},"end":{"line":1050,"column":42}}},"90":{"name":"(anonymous_90)","line":1056,"loc":{"start":{"line":1056,"column":34},"end":{"line":1056,"column":55}}},"91":{"name":"(anonymous_91)","line":1073,"loc":{"start":{"line":1073,"column":24},"end":{"line":1073,"column":35}}},"92":{"name":"(anonymous_92)","line":1080,"loc":{"start":{"line":1080,"column":55},"end":{"line":1080,"column":72}}},"93":{"name":"(anonymous_93)","line":1089,"loc":{"start":{"line":1089,"column":41},"end":{"line":1089,"column":52}}},"94":{"name":"(anonymous_94)","line":1093,"loc":{"start":{"line":1093,"column":45},"end":{"line":1093,"column":67}}},"95":{"name":"(anonymous_95)","line":1111,"loc":{"start":{"line":1111,"column":42},"end":{"line":1111,"column":53}}},"96":{"name":"(anonymous_96)","line":1115,"loc":{"start":{"line":1115,"column":49},"end":{"line":1115,"column":66}}},"97":{"name":"(anonymous_97)","line":1120,"loc":{"start":{"line":1120,"column":54},"end":{"line":1120,"column":71}}},"98":{"name":"(anonymous_98)","line":1125,"loc":{"start":{"line":1125,"column":53},"end":{"line":1125,"column":69}}},"99":{"name":"(anonymous_99)","line":1129,"loc":{"start":{"line":1129,"column":52},"end":{"line":1129,"column":67}}},"100":{"name":"(anonymous_100)","line":1137,"loc":{"start":{"line":1137,"column":38},"end":{"line":1137,"column":52}}},"101":{"name":"(anonymous_101)","line":1140,"loc":{"start":{"line":1140,"column":50},"end":{"line":1140,"column":67}}},"102":{"name":"(anonymous_102)","line":1149,"loc":{"start":{"line":1149,"column":51},"end":{"line":1149,"column":67}}},"103":{"name":"(anonymous_103)","line":1177,"loc":{"start":{"line":1177,"column":19},"end":{"line":1177,"column":58}}},"104":{"name":"(anonymous_104)","line":1186,"loc":{"start":{"line":1186,"column":22},"end":{"line":1186,"column":36}}},"105":{"name":"(anonymous_105)","line":1191,"loc":{"start":{"line":1191,"column":36},"end":{"line":1191,"column":79}}},"106":{"name":"(anonymous_106)","line":1195,"loc":{"start":{"line":1195,"column":29},"end":{"line":1195,"column":64}}},"107":{"name":"(anonymous_107)","line":1203,"loc":{"start":{"line":1203,"column":30},"end":{"line":1203,"column":69}}},"108":{"name":"(anonymous_108)","line":1204,"loc":{"start":{"line":1204,"column":9},"end":{"line":1204,"column":20}}},"109":{"name":"(anonymous_109)","line":1222,"loc":{"start":{"line":1222,"column":62},"end":{"line":1222,"column":74}}},"110":{"name":"(anonymous_110)","line":1252,"loc":{"start":{"line":1252,"column":34},"end":{"line":1252,"column":53}}},"111":{"name":"(anonymous_111)","line":1261,"loc":{"start":{"line":1261,"column":37},"end":{"line":1261,"column":56}}},"112":{"name":"(anonymous_112)","line":1270,"loc":{"start":{"line":1270,"column":37},"end":{"line":1270,"column":56}}},"113":{"name":"(anonymous_113)","line":1279,"loc":{"start":{"line":1279,"column":40},"end":{"line":1279,"column":59}}},"114":{"name":"(anonymous_114)","line":1289,"loc":{"start":{"line":1289,"column":37},"end":{"line":1289,"column":56}}},"115":{"name":"(anonymous_115)","line":1298,"loc":{"start":{"line":1298,"column":40},"end":{"line":1298,"column":59}}},"116":{"name":"(anonymous_116)","line":1305,"loc":{"start":{"line":1305,"column":41},"end":{"line":1305,"column":52}}},"117":{"name":"(anonymous_117)","line":1312,"loc":{"start":{"line":1312,"column":43},"end":{"line":1312,"column":54}}},"118":{"name":"(anonymous_118)","line":1319,"loc":{"start":{"line":1319,"column":38},"end":{"line":1319,"column":49}}},"119":{"name":"(anonymous_119)","line":1326,"loc":{"start":{"line":1326,"column":37},"end":{"line":1326,"column":48}}},"120":{"name":"(anonymous_120)","line":1327,"loc":{"start":{"line":1327,"column":17},"end":{"line":1327,"column":28}}},"121":{"name":"(anonymous_121)","line":1337,"loc":{"start":{"line":1337,"column":40},"end":{"line":1337,"column":51}}},"122":{"name":"(anonymous_122)","line":1345,"loc":{"start":{"line":1345,"column":39},"end":{"line":1345,"column":50}}},"123":{"name":"(anonymous_123)","line":1353,"loc":{"start":{"line":1353,"column":46},"end":{"line":1353,"column":57}}},"124":{"name":"(anonymous_124)","line":1362,"loc":{"start":{"line":1362,"column":17},"end":{"line":1362,"column":28}}},"125":{"name":"(anonymous_125)","line":1380,"loc":{"start":{"line":1380,"column":42},"end":{"line":1380,"column":53}}},"126":{"name":"(anonymous_126)","line":1389,"loc":{"start":{"line":1389,"column":17},"end":{"line":1389,"column":28}}},"127":{"name":"(anonymous_127)","line":1405,"loc":{"start":{"line":1405,"column":50},"end":{"line":1405,"column":61}}},"128":{"name":"(anonymous_128)","line":1410,"loc":{"start":{"line":1410,"column":17},"end":{"line":1410,"column":28}}},"129":{"name":"(anonymous_129)","line":1428,"loc":{"start":{"line":1428,"column":46},"end":{"line":1428,"column":57}}},"130":{"name":"(anonymous_130)","line":1434,"loc":{"start":{"line":1434,"column":17},"end":{"line":1434,"column":28}}},"131":{"name":"(anonymous_131)","line":1449,"loc":{"start":{"line":1449,"column":39},"end":{"line":1449,"column":58}}},"132":{"name":"(anonymous_132)","line":1459,"loc":{"start":{"line":1459,"column":42},"end":{"line":1459,"column":61}}},"133":{"name":"(anonymous_133)","line":1463,"loc":{"start":{"line":1463,"column":42},"end":{"line":1463,"column":61}}},"134":{"name":"(anonymous_134)","line":1467,"loc":{"start":{"line":1467,"column":45},"end":{"line":1467,"column":64}}},"135":{"name":"(anonymous_135)","line":1478,"loc":{"start":{"line":1478,"column":41},"end":{"line":1478,"column":71}}},"136":{"name":"(anonymous_136)","line":1490,"loc":{"start":{"line":1490,"column":37},"end":{"line":1490,"column":56}}},"137":{"name":"(anonymous_137)","line":1507,"loc":{"start":{"line":1507,"column":17},"end":{"line":1507,"column":28}}},"138":{"name":"(anonymous_138)","line":1518,"loc":{"start":{"line":1518,"column":23},"end":{"line":1518,"column":47}}},"139":{"name":"(anonymous_139)","line":1522,"loc":{"start":{"line":1522,"column":48},"end":{"line":1522,"column":64}}},"140":{"name":"(anonymous_140)","line":1542,"loc":{"start":{"line":1542,"column":49},"end":{"line":1542,"column":60}}},"141":{"name":"(anonymous_141)","line":1546,"loc":{"start":{"line":1546,"column":36},"end":{"line":1546,"column":54}}},"142":{"name":"(anonymous_142)","line":1550,"loc":{"start":{"line":1550,"column":61},"end":{"line":1550,"column":107}}},"143":{"name":"(anonymous_143)","line":1556,"loc":{"start":{"line":1556,"column":15},"end":{"line":1556,"column":38}}},"144":{"name":"(anonymous_144)","line":1572,"loc":{"start":{"line":1572,"column":62},"end":{"line":1572,"column":74}}},"145":{"name":"(anonymous_145)","line":1578,"loc":{"start":{"line":1578,"column":20},"end":{"line":1578,"column":31}}},"146":{"name":"(anonymous_146)","line":1582,"loc":{"start":{"line":1582,"column":20},"end":{"line":1582,"column":49}}},"147":{"name":"(anonymous_147)","line":1588,"loc":{"start":{"line":1588,"column":21},"end":{"line":1588,"column":50}}},"148":{"name":"(anonymous_148)","line":1594,"loc":{"start":{"line":1594,"column":22},"end":{"line":1594,"column":43}}},"149":{"name":"(anonymous_149)","line":1598,"loc":{"start":{"line":1598,"column":23},"end":{"line":1598,"column":44}}},"150":{"name":"(anonymous_150)","line":1604,"loc":{"start":{"line":1604,"column":36},"end":{"line":1604,"column":47}}},"151":{"name":"(anonymous_151)","line":1610,"loc":{"start":{"line":1610,"column":35},"end":{"line":1610,"column":52}}},"152":{"name":"(anonymous_152)","line":1617,"loc":{"start":{"line":1617,"column":54},"end":{"line":1617,"column":85}}},"153":{"name":"(anonymous_153)","line":1631,"loc":{"start":{"line":1631,"column":20},"end":{"line":1631,"column":35}}},"154":{"name":"(anonymous_154)","line":1652,"loc":{"start":{"line":1652,"column":47},"end":{"line":1652,"column":99}}},"155":{"name":"(anonymous_155)","line":1668,"loc":{"start":{"line":1668,"column":9},"end":{"line":1668,"column":20}}},"156":{"name":"(anonymous_156)","line":1673,"loc":{"start":{"line":1673,"column":8},"end":{"line":1673,"column":25}}},"157":{"name":"(anonymous_157)","line":1678,"loc":{"start":{"line":1678,"column":27},"end":{"line":1678,"column":58}}},"158":{"name":"(anonymous_158)","line":1682,"loc":{"start":{"line":1682,"column":20},"end":{"line":1682,"column":72}}},"159":{"name":"(anonymous_159)","line":1686,"loc":{"start":{"line":1686,"column":11},"end":{"line":1686,"column":22}}},"160":{"name":"(anonymous_160)","line":1695,"loc":{"start":{"line":1695,"column":15},"end":{"line":1695,"column":26}}},"161":{"name":"(anonymous_161)","line":1699,"loc":{"start":{"line":1699,"column":17},"end":{"line":1699,"column":28}}},"162":{"name":"(anonymous_162)","line":1711,"loc":{"start":{"line":1711,"column":19},"end":{"line":1711,"column":30}}},"163":{"name":"(anonymous_163)","line":1717,"loc":{"start":{"line":1717,"column":15},"end":{"line":1717,"column":26}}},"164":{"name":"(anonymous_164)","line":1726,"loc":{"start":{"line":1726,"column":33},"end":{"line":1726,"column":62}}},"165":{"name":"(anonymous_165)","line":1734,"loc":{"start":{"line":1734,"column":34},"end":{"line":1734,"column":63}}},"166":{"name":"(anonymous_166)","line":1742,"loc":{"start":{"line":1742,"column":35},"end":{"line":1742,"column":56}}},"167":{"name":"(anonymous_167)","line":1750,"loc":{"start":{"line":1750,"column":36},"end":{"line":1750,"column":57}}},"168":{"name":"(anonymous_168)","line":1761,"loc":{"start":{"line":1761,"column":24},"end":{"line":1761,"column":35}}},"169":{"name":"(anonymous_169)","line":1766,"loc":{"start":{"line":1766,"column":46},"end":{"line":1766,"column":65}}},"170":{"name":"(anonymous_170)","line":1770,"loc":{"start":{"line":1770,"column":1},"end":{"line":1770,"column":12}}},"171":{"name":"(anonymous_171)","line":1781,"loc":{"start":{"line":1781,"column":53},"end":{"line":1781,"column":76}}},"172":{"name":"(anonymous_172)","line":1782,"loc":{"start":{"line":1782,"column":13},"end":{"line":1782,"column":24}}},"173":{"name":"(anonymous_173)","line":1798,"loc":{"start":{"line":1798,"column":24},"end":{"line":1798,"column":35}}},"174":{"name":"(anonymous_174)","line":1826,"loc":{"start":{"line":1826,"column":47},"end":{"line":1826,"column":64}}},"175":{"name":"(anonymous_175)","line":1836,"loc":{"start":{"line":1836,"column":38},"end":{"line":1836,"column":55}}},"176":{"name":"(anonymous_176)","line":1843,"loc":{"start":{"line":1843,"column":43},"end":{"line":1843,"column":54}}},"177":{"name":"(anonymous_177)","line":1851,"loc":{"start":{"line":1851,"column":44},"end":{"line":1851,"column":61}}},"178":{"name":"(anonymous_178)","line":1870,"loc":{"start":{"line":1870,"column":41},"end":{"line":1870,"column":52}}},"179":{"name":"(anonymous_179)","line":1876,"loc":{"start":{"line":1876,"column":24},"end":{"line":1876,"column":35}}},"180":{"name":"(anonymous_180)","line":1885,"loc":{"start":{"line":1885,"column":41},"end":{"line":1885,"column":57}}},"181":{"name":"(anonymous_181)","line":1926,"loc":{"start":{"line":1926,"column":48},"end":{"line":1926,"column":66}}},"182":{"name":"(anonymous_182)","line":1940,"loc":{"start":{"line":1940,"column":30},"end":{"line":1940,"column":41}}},"183":{"name":"(anonymous_183)","line":1947,"loc":{"start":{"line":1947,"column":51},"end":{"line":1947,"column":67}}},"184":{"name":"(anonymous_184)","line":1951,"loc":{"start":{"line":1951,"column":51},"end":{"line":1951,"column":67}}},"185":{"name":"(anonymous_185)","line":1955,"loc":{"start":{"line":1955,"column":50},"end":{"line":1955,"column":66}}},"186":{"name":"(anonymous_186)","line":1971,"loc":{"start":{"line":1971,"column":51},"end":{"line":1971,"column":65}}},"187":{"name":"(anonymous_187)","line":1981,"loc":{"start":{"line":1981,"column":26},"end":{"line":1981,"column":55}}},"188":{"name":"(anonymous_188)","line":2000,"loc":{"start":{"line":2000,"column":47},"end":{"line":2000,"column":63}}},"189":{"name":"(anonymous_189)","line":2003,"loc":{"start":{"line":2003,"column":16},"end":{"line":2003,"column":30}}},"190":{"name":"(anonymous_190)","line":2016,"loc":{"start":{"line":2016,"column":36},"end":{"line":2016,"column":60}}},"191":{"name":"(anonymous_191)","line":2025,"loc":{"start":{"line":2025,"column":30},"end":{"line":2025,"column":54}}},"192":{"name":"(anonymous_192)","line":2034,"loc":{"start":{"line":2034,"column":37},"end":{"line":2034,"column":61}}},"193":{"name":"(anonymous_193)","line":2044,"loc":{"start":{"line":2044,"column":32},"end":{"line":2044,"column":53}}},"194":{"name":"(anonymous_194)","line":2050,"loc":{"start":{"line":2050,"column":36},"end":{"line":2050,"column":47}}},"195":{"name":"(anonymous_195)","line":2056,"loc":{"start":{"line":2056,"column":32},"end":{"line":2056,"column":43}}},"196":{"name":"(anonymous_196)","line":2067,"loc":{"start":{"line":2067,"column":23},"end":{"line":2067,"column":35}}},"197":{"name":"(anonymous_197)","line":2083,"loc":{"start":{"line":2083,"column":30},"end":{"line":2083,"column":41}}},"198":{"name":"(anonymous_198)","line":2110,"loc":{"start":{"line":2110,"column":34},"end":{"line":2110,"column":45}}},"199":{"name":"(anonymous_199)","line":2127,"loc":{"start":{"line":2127,"column":17},"end":{"line":2127,"column":31}}},"200":{"name":"(anonymous_200)","line":2136,"loc":{"start":{"line":2136,"column":35},"end":{"line":2136,"column":46}}},"201":{"name":"(anonymous_201)","line":2141,"loc":{"start":{"line":2141,"column":19},"end":{"line":2141,"column":31}}},"202":{"name":"(anonymous_202)","line":2146,"loc":{"start":{"line":2146,"column":38},"end":{"line":2146,"column":67}}},"203":{"name":"(anonymous_203)","line":2151,"loc":{"start":{"line":2151,"column":37},"end":{"line":2151,"column":65}}},"204":{"name":"(anonymous_204)","line":2157,"loc":{"start":{"line":2157,"column":42},"end":{"line":2157,"column":53}}},"205":{"name":"(anonymous_205)","line":2161,"loc":{"start":{"line":2161,"column":36},"end":{"line":2161,"column":52}}},"206":{"name":"(anonymous_206)","line":2165,"loc":{"start":{"line":2165,"column":31},"end":{"line":2165,"column":47}}},"207":{"name":"(anonymous_207)","line":2172,"loc":{"start":{"line":2172,"column":33},"end":{"line":2172,"column":45}}},"208":{"name":"(anonymous_208)","line":2181,"loc":{"start":{"line":2181,"column":34},"end":{"line":2181,"column":45}}},"209":{"name":"(anonymous_209)","line":2185,"loc":{"start":{"line":2185,"column":42},"end":{"line":2185,"column":53}}},"210":{"name":"(anonymous_210)","line":2195,"loc":{"start":{"line":2195,"column":35},"end":{"line":2195,"column":46}}},"211":{"name":"(anonymous_211)","line":2206,"loc":{"start":{"line":2206,"column":15},"end":{"line":2206,"column":49}}},"212":{"name":"(anonymous_212)","line":2228,"loc":{"start":{"line":2228,"column":37},"end":{"line":2228,"column":48}}},"213":{"name":"(anonymous_213)","line":2233,"loc":{"start":{"line":2233,"column":33},"end":{"line":2233,"column":44}}},"214":{"name":"(anonymous_214)","line":2242,"loc":{"start":{"line":2242,"column":29},"end":{"line":2242,"column":40}}},"215":{"name":"(anonymous_215)","line":2246,"loc":{"start":{"line":2246,"column":30},"end":{"line":2246,"column":46}}},"216":{"name":"(anonymous_216)","line":2252,"loc":{"start":{"line":2252,"column":36},"end":{"line":2252,"column":53}}},"217":{"name":"(anonymous_217)","line":2263,"loc":{"start":{"line":2263,"column":42},"end":{"line":2263,"column":59}}},"218":{"name":"(anonymous_218)","line":2267,"loc":{"start":{"line":2267,"column":32},"end":{"line":2267,"column":49}}},"219":{"name":"(anonymous_219)","line":2279,"loc":{"start":{"line":2279,"column":31},"end":{"line":2279,"column":49}}},"220":{"name":"(anonymous_220)","line":2292,"loc":{"start":{"line":2292,"column":34},"end":{"line":2292,"column":101}}},"221":{"name":"(anonymous_221)","line":2317,"loc":{"start":{"line":2317,"column":30},"end":{"line":2317,"column":43}}},"222":{"name":"(anonymous_222)","line":2326,"loc":{"start":{"line":2326,"column":43},"end":{"line":2326,"column":54}}},"223":{"name":"(anonymous_223)","line":2330,"loc":{"start":{"line":2330,"column":37},"end":{"line":2330,"column":65}}},"224":{"name":"(anonymous_224)","line":2332,"loc":{"start":{"line":2332,"column":25},"end":{"line":2332,"column":36}}},"225":{"name":"(anonymous_225)","line":2340,"loc":{"start":{"line":2340,"column":40},"end":{"line":2340,"column":51}}},"226":{"name":"(anonymous_226)","line":2344,"loc":{"start":{"line":2344,"column":32},"end":{"line":2344,"column":53}}},"227":{"name":"(anonymous_227)","line":2352,"loc":{"start":{"line":2352,"column":31},"end":{"line":2352,"column":49}}},"228":{"name":"(anonymous_228)","line":2360,"loc":{"start":{"line":2360,"column":33},"end":{"line":2360,"column":54}}},"229":{"name":"(anonymous_229)","line":2374,"loc":{"start":{"line":2374,"column":19},"end":{"line":2374,"column":31}}},"230":{"name":"(anonymous_230)","line":2379,"loc":{"start":{"line":2379,"column":52},"end":{"line":2379,"column":63}}},"231":{"name":"(anonymous_231)","line":2404,"loc":{"start":{"line":2404,"column":34},"end":{"line":2404,"column":45}}},"232":{"name":"(anonymous_232)","line":2408,"loc":{"start":{"line":2408,"column":31},"end":{"line":2408,"column":82}}},"233":{"name":"(anonymous_233)","line":2433,"loc":{"start":{"line":2433,"column":40},"end":{"line":2433,"column":51}}},"234":{"name":"(anonymous_234)","line":2450,"loc":{"start":{"line":2450,"column":16},"end":{"line":2450,"column":73}}},"235":{"name":"(anonymous_235)","line":2464,"loc":{"start":{"line":2464,"column":38},"end":{"line":2464,"column":49}}},"236":{"name":"(anonymous_236)","line":2472,"loc":{"start":{"line":2472,"column":33},"end":{"line":2472,"column":54}}},"237":{"name":"(anonymous_237)","line":2480,"loc":{"start":{"line":2480,"column":37},"end":{"line":2480,"column":66}}},"238":{"name":"(anonymous_238)","line":2485,"loc":{"start":{"line":2485,"column":36},"end":{"line":2485,"column":64}}},"239":{"name":"(anonymous_239)","line":2490,"loc":{"start":{"line":2490,"column":34},"end":{"line":2490,"column":45}}},"240":{"name":"(anonymous_240)","line":2494,"loc":{"start":{"line":2494,"column":30},"end":{"line":2494,"column":52}}},"241":{"name":"(anonymous_241)","line":2505,"loc":{"start":{"line":2505,"column":32},"end":{"line":2505,"column":43}}},"242":{"name":"(anonymous_242)","line":2509,"loc":{"start":{"line":2509,"column":33},"end":{"line":2509,"column":44}}},"243":{"name":"(anonymous_243)","line":2513,"loc":{"start":{"line":2513,"column":35},"end":{"line":2513,"column":46}}},"244":{"name":"(anonymous_244)","line":2517,"loc":{"start":{"line":2517,"column":34},"end":{"line":2517,"column":55}}},"245":{"name":"(anonymous_245)","line":2519,"loc":{"start":{"line":2519,"column":19},"end":{"line":2519,"column":31}}},"246":{"name":"(anonymous_246)","line":2523,"loc":{"start":{"line":2523,"column":21},"end":{"line":2523,"column":50}}},"247":{"name":"(anonymous_247)","line":2530,"loc":{"start":{"line":2530,"column":39},"end":{"line":2530,"column":61}}},"248":{"name":"(anonymous_248)","line":2534,"loc":{"start":{"line":2534,"column":22},"end":{"line":2534,"column":34}}},"249":{"name":"(anonymous_249)","line":2549,"loc":{"start":{"line":2549,"column":24},"end":{"line":2549,"column":77}}},"250":{"name":"(anonymous_250)","line":2560,"loc":{"start":{"line":2560,"column":42},"end":{"line":2560,"column":63}}},"251":{"name":"(anonymous_251)","line":2587,"loc":{"start":{"line":2587,"column":24},"end":{"line":2587,"column":35}}}},"statementMap":{"1":{"start":{"line":6,"column":0},"end":{"line":6,"column":17}},"2":{"start":{"line":11,"column":0},"end":{"line":13,"column":2}},"3":{"start":{"line":12,"column":2},"end":{"line":12,"column":42}},"4":{"start":{"line":21,"column":0},"end":{"line":21,"column":44}},"5":{"start":{"line":27,"column":0},"end":{"line":27,"column":24}},"6":{"start":{"line":33,"column":0},"end":{"line":33,"column":38}},"7":{"start":{"line":38,"column":0},"end":{"line":38,"column":36}},"8":{"start":{"line":43,"column":0},"end":{"line":43,"column":40}},"9":{"start":{"line":50,"column":0},"end":{"line":50,"column":32}},"10":{"start":{"line":52,"column":0},"end":{"line":58,"column":2}},"11":{"start":{"line":53,"column":2},"end":{"line":55,"column":3}},"12":{"start":{"line":54,"column":4},"end":{"line":54,"column":16}},"13":{"start":{"line":57,"column":2},"end":{"line":57,"column":21}},"14":{"start":{"line":68,"column":0},"end":{"line":78,"column":2}},"15":{"start":{"line":69,"column":2},"end":{"line":69,"column":28}},"16":{"start":{"line":70,"column":2},"end":{"line":77,"column":3}},"17":{"start":{"line":71,"column":4},"end":{"line":73,"column":6}},"18":{"start":{"line":72,"column":6},"end":{"line":72,"column":45}},"19":{"start":{"line":76,"column":4},"end":{"line":76,"column":37}},"20":{"start":{"line":80,"column":0},"end":{"line":80,"column":78}},"21":{"start":{"line":81,"column":0},"end":{"line":81,"column":82}},"22":{"start":{"line":82,"column":0},"end":{"line":82,"column":80}},"23":{"start":{"line":83,"column":0},"end":{"line":83,"column":84}},"24":{"start":{"line":85,"column":0},"end":{"line":89,"column":2}},"25":{"start":{"line":86,"column":2},"end":{"line":86,"column":20}},"26":{"start":{"line":87,"column":2},"end":{"line":87,"column":23}},"27":{"start":{"line":88,"column":2},"end":{"line":88,"column":27}},"28":{"start":{"line":91,"column":0},"end":{"line":102,"column":2}},"29":{"start":{"line":92,"column":2},"end":{"line":92,"column":16}},"30":{"start":{"line":93,"column":2},"end":{"line":100,"column":3}},"31":{"start":{"line":94,"column":4},"end":{"line":94,"column":27}},"32":{"start":{"line":94,"column":15},"end":{"line":94,"column":27}},"33":{"start":{"line":95,"column":4},"end":{"line":99,"column":5}},"34":{"start":{"line":96,"column":6},"end":{"line":96,"column":29}},"35":{"start":{"line":98,"column":6},"end":{"line":98,"column":41}},"36":{"start":{"line":101,"column":2},"end":{"line":101,"column":14}},"37":{"start":{"line":104,"column":0},"end":{"line":114,"column":2}},"38":{"start":{"line":105,"column":2},"end":{"line":105,"column":23}},"39":{"start":{"line":106,"column":2},"end":{"line":106,"column":40}},"40":{"start":{"line":107,"column":2},"end":{"line":107,"column":31}},"41":{"start":{"line":108,"column":2},"end":{"line":108,"column":34}},"42":{"start":{"line":109,"column":2},"end":{"line":109,"column":30}},"43":{"start":{"line":110,"column":2},"end":{"line":110,"column":59}},"44":{"start":{"line":112,"column":2},"end":{"line":112,"column":56}},"45":{"start":{"line":113,"column":2},"end":{"line":113,"column":41}},"46":{"start":{"line":116,"column":0},"end":{"line":118,"column":2}},"47":{"start":{"line":117,"column":2},"end":{"line":117,"column":22}},"48":{"start":{"line":120,"column":0},"end":{"line":122,"column":2}},"49":{"start":{"line":121,"column":2},"end":{"line":121,"column":22}},"50":{"start":{"line":127,"column":0},"end":{"line":130,"column":2}},"51":{"start":{"line":128,"column":2},"end":{"line":128,"column":75}},"52":{"start":{"line":129,"column":2},"end":{"line":129,"column":13}},"53":{"start":{"line":138,"column":0},"end":{"line":140,"column":2}},"54":{"start":{"line":139,"column":2},"end":{"line":139,"column":38}},"55":{"start":{"line":148,"column":0},"end":{"line":150,"column":2}},"56":{"start":{"line":149,"column":2},"end":{"line":149,"column":39}},"57":{"start":{"line":158,"column":0},"end":{"line":160,"column":2}},"58":{"start":{"line":159,"column":2},"end":{"line":159,"column":39}},"59":{"start":{"line":169,"column":0},"end":{"line":171,"column":2}},"60":{"start":{"line":170,"column":2},"end":{"line":170,"column":80}},"61":{"start":{"line":179,"column":0},"end":{"line":183,"column":2}},"62":{"start":{"line":180,"column":2},"end":{"line":180,"column":62}},"63":{"start":{"line":181,"column":2},"end":{"line":181,"column":36}},"64":{"start":{"line":182,"column":2},"end":{"line":182,"column":36}},"65":{"start":{"line":191,"column":0},"end":{"line":193,"column":2}},"66":{"start":{"line":192,"column":2},"end":{"line":192,"column":26}},"67":{"start":{"line":205,"column":0},"end":{"line":207,"column":2}},"68":{"start":{"line":206,"column":2},"end":{"line":206,"column":41}},"69":{"start":{"line":220,"column":0},"end":{"line":222,"column":2}},"70":{"start":{"line":221,"column":4},"end":{"line":221,"column":57}},"71":{"start":{"line":268,"column":0},"end":{"line":303,"column":2}},"72":{"start":{"line":272,"column":2},"end":{"line":272,"column":36}},"73":{"start":{"line":276,"column":2},"end":{"line":276,"column":20}},"74":{"start":{"line":280,"column":2},"end":{"line":281,"column":4}},"75":{"start":{"line":289,"column":2},"end":{"line":289,"column":27}},"76":{"start":{"line":301,"column":2},"end":{"line":301,"column":24}},"77":{"start":{"line":302,"column":2},"end":{"line":302,"column":18}},"78":{"start":{"line":316,"column":0},"end":{"line":319,"column":2}},"79":{"start":{"line":317,"column":2},"end":{"line":317,"column":33}},"80":{"start":{"line":318,"column":2},"end":{"line":318,"column":14}},"81":{"start":{"line":333,"column":0},"end":{"line":338,"column":2}},"82":{"start":{"line":334,"column":2},"end":{"line":336,"column":4}},"83":{"start":{"line":335,"column":4},"end":{"line":335,"column":17}},"84":{"start":{"line":337,"column":2},"end":{"line":337,"column":14}},"85":{"start":{"line":352,"column":0},"end":{"line":357,"column":2}},"86":{"start":{"line":353,"column":2},"end":{"line":355,"column":4}},"87":{"start":{"line":354,"column":4},"end":{"line":354,"column":23}},"88":{"start":{"line":356,"column":2},"end":{"line":356,"column":14}},"89":{"start":{"line":374,"column":0},"end":{"line":377,"column":2}},"90":{"start":{"line":375,"column":2},"end":{"line":375,"column":23}},"91":{"start":{"line":376,"column":2},"end":{"line":376,"column":14}},"92":{"start":{"line":393,"column":0},"end":{"line":399,"column":2}},"93":{"start":{"line":394,"column":2},"end":{"line":394,"column":25}},"94":{"start":{"line":395,"column":2},"end":{"line":395,"column":21}},"95":{"start":{"line":396,"column":2},"end":{"line":396,"column":24}},"96":{"start":{"line":397,"column":2},"end":{"line":397,"column":18}},"97":{"start":{"line":398,"column":2},"end":{"line":398,"column":27}},"98":{"start":{"line":401,"column":0},"end":{"line":423,"column":2}},"99":{"start":{"line":403,"column":2},"end":{"line":412,"column":4}},"100":{"start":{"line":404,"column":4},"end":{"line":404,"column":28}},"101":{"start":{"line":405,"column":4},"end":{"line":405,"column":23}},"102":{"start":{"line":406,"column":4},"end":{"line":406,"column":51}},"103":{"start":{"line":407,"column":4},"end":{"line":407,"column":40}},"104":{"start":{"line":408,"column":4},"end":{"line":408,"column":38}},"105":{"start":{"line":409,"column":4},"end":{"line":409,"column":34}},"106":{"start":{"line":410,"column":4},"end":{"line":410,"column":50}},"107":{"start":{"line":411,"column":4},"end":{"line":411,"column":46}},"108":{"start":{"line":414,"column":2},"end":{"line":414,"column":34}},"109":{"start":{"line":416,"column":2},"end":{"line":418,"column":3}},"110":{"start":{"line":417,"column":4},"end":{"line":417,"column":29}},"111":{"start":{"line":420,"column":2},"end":{"line":420,"column":17}},"112":{"start":{"line":422,"column":2},"end":{"line":422,"column":16}},"113":{"start":{"line":431,"column":0},"end":{"line":433,"column":2}},"114":{"start":{"line":432,"column":2},"end":{"line":432,"column":42}},"115":{"start":{"line":442,"column":0},"end":{"line":451,"column":2}},"116":{"start":{"line":443,"column":2},"end":{"line":445,"column":3}},"117":{"start":{"line":444,"column":4},"end":{"line":444,"column":99}},"118":{"start":{"line":446,"column":2},"end":{"line":446,"column":15}},"119":{"start":{"line":447,"column":2},"end":{"line":449,"column":3}},"120":{"start":{"line":448,"column":4},"end":{"line":448,"column":77}},"121":{"start":{"line":450,"column":2},"end":{"line":450,"column":13}},"122":{"start":{"line":458,"column":0},"end":{"line":461,"column":2}},"123":{"start":{"line":459,"column":2},"end":{"line":459,"column":42}},"124":{"start":{"line":460,"column":2},"end":{"line":460,"column":34}},"125":{"start":{"line":478,"column":0},"end":{"line":480,"column":2}},"126":{"start":{"line":479,"column":2},"end":{"line":479,"column":61}},"127":{"start":{"line":481,"column":0},"end":{"line":481,"column":21}},"128":{"start":{"line":496,"column":0},"end":{"line":498,"column":2}},"129":{"start":{"line":497,"column":2},"end":{"line":497,"column":41}},"130":{"start":{"line":499,"column":0},"end":{"line":499,"column":15}},"131":{"start":{"line":509,"column":0},"end":{"line":511,"column":2}},"132":{"start":{"line":510,"column":2},"end":{"line":510,"column":42}},"133":{"start":{"line":512,"column":0},"end":{"line":512,"column":17}},"134":{"start":{"line":523,"column":0},"end":{"line":525,"column":2}},"135":{"start":{"line":524,"column":2},"end":{"line":524,"column":53}},"136":{"start":{"line":526,"column":0},"end":{"line":526,"column":23}},"137":{"start":{"line":533,"column":0},"end":{"line":535,"column":2}},"138":{"start":{"line":534,"column":2},"end":{"line":534,"column":42}},"139":{"start":{"line":536,"column":0},"end":{"line":536,"column":19}},"140":{"start":{"line":544,"column":0},"end":{"line":546,"column":2}},"141":{"start":{"line":545,"column":2},"end":{"line":545,"column":46}},"142":{"start":{"line":547,"column":0},"end":{"line":547,"column":21}},"143":{"start":{"line":556,"column":0},"end":{"line":558,"column":2}},"144":{"start":{"line":557,"column":2},"end":{"line":557,"column":87}},"145":{"start":{"line":559,"column":0},"end":{"line":559,"column":27}},"146":{"start":{"line":568,"column":0},"end":{"line":570,"column":2}},"147":{"start":{"line":569,"column":2},"end":{"line":569,"column":50}},"148":{"start":{"line":571,"column":0},"end":{"line":571,"column":31}},"149":{"start":{"line":580,"column":0},"end":{"line":582,"column":2}},"150":{"start":{"line":581,"column":2},"end":{"line":581,"column":48}},"151":{"start":{"line":583,"column":0},"end":{"line":583,"column":29}},"152":{"start":{"line":600,"column":0},"end":{"line":602,"column":2}},"153":{"start":{"line":601,"column":2},"end":{"line":601,"column":65}},"154":{"start":{"line":603,"column":0},"end":{"line":603,"column":27}},"155":{"start":{"line":611,"column":0},"end":{"line":613,"column":2}},"156":{"start":{"line":612,"column":2},"end":{"line":612,"column":66}},"157":{"start":{"line":614,"column":0},"end":{"line":614,"column":29}},"158":{"start":{"line":618,"column":0},"end":{"line":643,"column":19}},"159":{"start":{"line":619,"column":2},"end":{"line":625,"column":3}},"160":{"start":{"line":620,"column":4},"end":{"line":623,"column":5}},"161":{"start":{"line":621,"column":6},"end":{"line":621,"column":17}},"162":{"start":{"line":624,"column":4},"end":{"line":624,"column":16}},"163":{"start":{"line":627,"column":2},"end":{"line":638,"column":7}},"164":{"start":{"line":628,"column":4},"end":{"line":628,"column":51}},"165":{"start":{"line":631,"column":6},"end":{"line":631,"column":53}},"166":{"start":{"line":634,"column":6},"end":{"line":634,"column":49}},"167":{"start":{"line":637,"column":6},"end":{"line":637,"column":52}},"168":{"start":{"line":640,"column":2},"end":{"line":640,"column":77}},"169":{"start":{"line":640,"column":12},"end":{"line":640,"column":77}},"170":{"start":{"line":642,"column":2},"end":{"line":642,"column":13}},"171":{"start":{"line":647,"column":0},"end":{"line":647,"column":18}},"172":{"start":{"line":656,"column":0},"end":{"line":664,"column":2}},"173":{"start":{"line":660,"column":2},"end":{"line":661,"column":4}},"174":{"start":{"line":662,"column":2},"end":{"line":662,"column":45}},"175":{"start":{"line":663,"column":2},"end":{"line":663,"column":40}},"176":{"start":{"line":666,"column":0},"end":{"line":691,"column":2}},"177":{"start":{"line":667,"column":2},"end":{"line":667,"column":17}},"178":{"start":{"line":668,"column":2},"end":{"line":673,"column":3}},"179":{"start":{"line":669,"column":4},"end":{"line":669,"column":24}},"180":{"start":{"line":671,"column":7},"end":{"line":673,"column":3}},"181":{"start":{"line":672,"column":4},"end":{"line":672,"column":30}},"182":{"start":{"line":675,"column":2},"end":{"line":675,"column":11}},"183":{"start":{"line":677,"column":2},"end":{"line":682,"column":3}},"184":{"start":{"line":678,"column":4},"end":{"line":678,"column":23}},"185":{"start":{"line":680,"column":7},"end":{"line":682,"column":3}},"186":{"start":{"line":681,"column":4},"end":{"line":681,"column":22}},"187":{"start":{"line":684,"column":2},"end":{"line":684,"column":83}},"188":{"start":{"line":686,"column":2},"end":{"line":688,"column":3}},"189":{"start":{"line":687,"column":4},"end":{"line":687,"column":60}},"190":{"start":{"line":690,"column":2},"end":{"line":690,"column":17}},"191":{"start":{"line":693,"column":0},"end":{"line":698,"column":2}},"192":{"start":{"line":694,"column":2},"end":{"line":694,"column":23}},"193":{"start":{"line":694,"column":12},"end":{"line":694,"column":23}},"194":{"start":{"line":695,"column":2},"end":{"line":697,"column":27}},"195":{"start":{"line":700,"column":0},"end":{"line":704,"column":2}},"196":{"start":{"line":701,"column":2},"end":{"line":701,"column":23}},"197":{"start":{"line":702,"column":2},"end":{"line":702,"column":66}},"198":{"start":{"line":702,"column":40},"end":{"line":702,"column":66}},"199":{"start":{"line":703,"column":2},"end":{"line":703,"column":21}},"200":{"start":{"line":706,"column":0},"end":{"line":709,"column":2}},"201":{"start":{"line":707,"column":2},"end":{"line":707,"column":72}},"202":{"start":{"line":707,"column":31},"end":{"line":707,"column":72}},"203":{"start":{"line":708,"column":2},"end":{"line":708,"column":21}},"204":{"start":{"line":716,"column":0},"end":{"line":741,"column":2}},"205":{"start":{"line":717,"column":2},"end":{"line":717,"column":26}},"206":{"start":{"line":718,"column":2},"end":{"line":718,"column":27}},"207":{"start":{"line":719,"column":2},"end":{"line":719,"column":49}},"208":{"start":{"line":721,"column":2},"end":{"line":721,"column":46}},"209":{"start":{"line":723,"column":2},"end":{"line":723,"column":56}},"210":{"start":{"line":724,"column":2},"end":{"line":724,"column":65}},"211":{"start":{"line":725,"column":2},"end":{"line":725,"column":22}},"212":{"start":{"line":726,"column":2},"end":{"line":728,"column":4}},"213":{"start":{"line":727,"column":4},"end":{"line":727,"column":16}},"214":{"start":{"line":730,"column":2},"end":{"line":730,"column":23}},"215":{"start":{"line":731,"column":2},"end":{"line":731,"column":24}},"216":{"start":{"line":732,"column":2},"end":{"line":732,"column":29}},"217":{"start":{"line":735,"column":2},"end":{"line":737,"column":4}},"218":{"start":{"line":736,"column":4},"end":{"line":736,"column":44}},"219":{"start":{"line":738,"column":2},"end":{"line":738,"column":61}},"220":{"start":{"line":740,"column":2},"end":{"line":740,"column":77}},"221":{"start":{"line":744,"column":0},"end":{"line":744,"column":54}},"222":{"start":{"line":745,"column":0},"end":{"line":745,"column":58}},"223":{"start":{"line":746,"column":0},"end":{"line":746,"column":56}},"224":{"start":{"line":747,"column":0},"end":{"line":747,"column":60}},"225":{"start":{"line":752,"column":0},"end":{"line":758,"column":2}},"226":{"start":{"line":753,"column":2},"end":{"line":757,"column":3}},"227":{"start":{"line":754,"column":4},"end":{"line":754,"column":28}},"228":{"start":{"line":756,"column":4},"end":{"line":756,"column":39}},"229":{"start":{"line":763,"column":0},"end":{"line":775,"column":2}},"230":{"start":{"line":764,"column":2},"end":{"line":766,"column":3}},"231":{"start":{"line":765,"column":4},"end":{"line":765,"column":29}},"232":{"start":{"line":768,"column":2},"end":{"line":768,"column":31}},"233":{"start":{"line":769,"column":2},"end":{"line":769,"column":80}},"234":{"start":{"line":770,"column":2},"end":{"line":772,"column":3}},"235":{"start":{"line":771,"column":4},"end":{"line":771,"column":55}},"236":{"start":{"line":773,"column":2},"end":{"line":773,"column":51}},"237":{"start":{"line":774,"column":2},"end":{"line":774,"column":23}},"238":{"start":{"line":780,"column":0},"end":{"line":782,"column":2}},"239":{"start":{"line":781,"column":2},"end":{"line":781,"column":28}},"240":{"start":{"line":787,"column":0},"end":{"line":789,"column":2}},"241":{"start":{"line":788,"column":2},"end":{"line":788,"column":29}},"242":{"start":{"line":795,"column":0},"end":{"line":797,"column":2}},"243":{"start":{"line":796,"column":2},"end":{"line":796,"column":38}},"244":{"start":{"line":799,"column":0},"end":{"line":801,"column":2}},"245":{"start":{"line":800,"column":2},"end":{"line":800,"column":32}},"246":{"start":{"line":803,"column":0},"end":{"line":831,"column":2}},"247":{"start":{"line":804,"column":2},"end":{"line":804,"column":87}},"248":{"start":{"line":806,"column":2},"end":{"line":806,"column":38}},"249":{"start":{"line":807,"column":2},"end":{"line":811,"column":3}},"250":{"start":{"line":808,"column":4},"end":{"line":808,"column":27}},"251":{"start":{"line":810,"column":4},"end":{"line":810,"column":35}},"252":{"start":{"line":813,"column":2},"end":{"line":813,"column":28}},"253":{"start":{"line":815,"column":2},"end":{"line":815,"column":30}},"254":{"start":{"line":816,"column":2},"end":{"line":820,"column":3}},"255":{"start":{"line":817,"column":4},"end":{"line":817,"column":32}},"256":{"start":{"line":819,"column":4},"end":{"line":819,"column":25}},"257":{"start":{"line":822,"column":2},"end":{"line":826,"column":3}},"258":{"start":{"line":823,"column":4},"end":{"line":825,"column":7}},"259":{"start":{"line":824,"column":6},"end":{"line":824,"column":29}},"260":{"start":{"line":828,"column":2},"end":{"line":828,"column":34}},"261":{"start":{"line":830,"column":2},"end":{"line":830,"column":15}},"262":{"start":{"line":833,"column":0},"end":{"line":839,"column":2}},"263":{"start":{"line":834,"column":2},"end":{"line":838,"column":3}},"264":{"start":{"line":835,"column":4},"end":{"line":835,"column":53}},"265":{"start":{"line":837,"column":4},"end":{"line":837,"column":55}},"266":{"start":{"line":841,"column":0},"end":{"line":843,"column":2}},"267":{"start":{"line":842,"column":2},"end":{"line":842,"column":29}},"268":{"start":{"line":845,"column":0},"end":{"line":852,"column":2}},"269":{"start":{"line":846,"column":2},"end":{"line":850,"column":3}},"270":{"start":{"line":847,"column":4},"end":{"line":847,"column":51}},"271":{"start":{"line":849,"column":4},"end":{"line":849,"column":53}},"272":{"start":{"line":854,"column":0},"end":{"line":859,"column":2}},"273":{"start":{"line":855,"column":2},"end":{"line":858,"column":4}},"274":{"start":{"line":861,"column":0},"end":{"line":871,"column":2}},"275":{"start":{"line":862,"column":2},"end":{"line":862,"column":68}},"276":{"start":{"line":863,"column":2},"end":{"line":863,"column":30}},"277":{"start":{"line":864,"column":2},"end":{"line":864,"column":26}},"278":{"start":{"line":866,"column":2},"end":{"line":868,"column":3}},"279":{"start":{"line":867,"column":4},"end":{"line":867,"column":20}},"280":{"start":{"line":870,"column":2},"end":{"line":870,"column":14}},"281":{"start":{"line":873,"column":0},"end":{"line":879,"column":2}},"282":{"start":{"line":874,"column":2},"end":{"line":878,"column":4}},"283":{"start":{"line":881,"column":0},"end":{"line":898,"column":2}},"284":{"start":{"line":882,"column":2},"end":{"line":883,"column":110}},"285":{"start":{"line":883,"column":4},"end":{"line":883,"column":110}},"286":{"start":{"line":885,"column":2},"end":{"line":886,"column":131}},"287":{"start":{"line":886,"column":4},"end":{"line":886,"column":131}},"288":{"start":{"line":888,"column":2},"end":{"line":889,"column":127}},"289":{"start":{"line":889,"column":4},"end":{"line":889,"column":127}},"290":{"start":{"line":891,"column":2},"end":{"line":892,"column":130}},"291":{"start":{"line":892,"column":4},"end":{"line":892,"column":130}},"292":{"start":{"line":894,"column":2},"end":{"line":895,"column":127}},"293":{"start":{"line":895,"column":4},"end":{"line":895,"column":127}},"294":{"start":{"line":897,"column":2},"end":{"line":897,"column":39}},"295":{"start":{"line":900,"column":0},"end":{"line":936,"column":2}},"296":{"start":{"line":901,"column":2},"end":{"line":903,"column":3}},"297":{"start":{"line":902,"column":4},"end":{"line":902,"column":16}},"298":{"start":{"line":905,"column":2},"end":{"line":905,"column":37}},"299":{"start":{"line":906,"column":2},"end":{"line":906,"column":37}},"300":{"start":{"line":908,"column":2},"end":{"line":910,"column":4}},"301":{"start":{"line":909,"column":4},"end":{"line":909,"column":62}},"302":{"start":{"line":912,"column":2},"end":{"line":916,"column":3}},"303":{"start":{"line":913,"column":4},"end":{"line":915,"column":5}},"304":{"start":{"line":914,"column":6},"end":{"line":914,"column":89}},"305":{"start":{"line":917,"column":2},"end":{"line":921,"column":3}},"306":{"start":{"line":918,"column":4},"end":{"line":920,"column":5}},"307":{"start":{"line":919,"column":6},"end":{"line":919,"column":91}},"308":{"start":{"line":922,"column":2},"end":{"line":927,"column":3}},"309":{"start":{"line":923,"column":4},"end":{"line":923,"column":61}},"310":{"start":{"line":923,"column":52},"end":{"line":923,"column":61}},"311":{"start":{"line":924,"column":4},"end":{"line":926,"column":5}},"312":{"start":{"line":925,"column":6},"end":{"line":925,"column":260}},"313":{"start":{"line":929,"column":2},"end":{"line":931,"column":3}},"314":{"start":{"line":930,"column":4},"end":{"line":930,"column":59}},"315":{"start":{"line":933,"column":2},"end":{"line":933,"column":40}},"316":{"start":{"line":934,"column":2},"end":{"line":934,"column":40}},"317":{"start":{"line":935,"column":2},"end":{"line":935,"column":68}},"318":{"start":{"line":938,"column":0},"end":{"line":996,"column":2}},"319":{"start":{"line":939,"column":2},"end":{"line":939,"column":36}},"320":{"start":{"line":940,"column":2},"end":{"line":940,"column":40}},"321":{"start":{"line":942,"column":2},"end":{"line":946,"column":3}},"322":{"start":{"line":943,"column":4},"end":{"line":943,"column":50}},"323":{"start":{"line":944,"column":4},"end":{"line":944,"column":74}},"324":{"start":{"line":945,"column":4},"end":{"line":945,"column":52}},"325":{"start":{"line":945,"column":38},"end":{"line":945,"column":52}},"326":{"start":{"line":948,"column":2},"end":{"line":948,"column":27}},"327":{"start":{"line":948,"column":15},"end":{"line":948,"column":27}},"328":{"start":{"line":950,"column":2},"end":{"line":952,"column":3}},"329":{"start":{"line":951,"column":4},"end":{"line":951,"column":62}},"330":{"start":{"line":954,"column":2},"end":{"line":956,"column":3}},"331":{"start":{"line":955,"column":4},"end":{"line":955,"column":19}},"332":{"start":{"line":958,"column":2},"end":{"line":960,"column":3}},"333":{"start":{"line":959,"column":4},"end":{"line":959,"column":38}},"334":{"start":{"line":962,"column":2},"end":{"line":964,"column":3}},"335":{"start":{"line":963,"column":4},"end":{"line":963,"column":31}},"336":{"start":{"line":966,"column":2},"end":{"line":968,"column":3}},"337":{"start":{"line":967,"column":4},"end":{"line":967,"column":31}},"338":{"start":{"line":970,"column":2},"end":{"line":972,"column":3}},"339":{"start":{"line":971,"column":4},"end":{"line":971,"column":24}},"340":{"start":{"line":974,"column":2},"end":{"line":976,"column":3}},"341":{"start":{"line":975,"column":4},"end":{"line":975,"column":24}},"342":{"start":{"line":978,"column":2},"end":{"line":980,"column":3}},"343":{"start":{"line":979,"column":4},"end":{"line":979,"column":20}},"344":{"start":{"line":982,"column":2},"end":{"line":984,"column":3}},"345":{"start":{"line":983,"column":4},"end":{"line":983,"column":20}},"346":{"start":{"line":986,"column":2},"end":{"line":988,"column":3}},"347":{"start":{"line":987,"column":4},"end":{"line":987,"column":68}},"348":{"start":{"line":990,"column":2},"end":{"line":992,"column":3}},"349":{"start":{"line":991,"column":4},"end":{"line":991,"column":68}},"350":{"start":{"line":995,"column":2},"end":{"line":995,"column":19}},"351":{"start":{"line":998,"column":0},"end":{"line":1006,"column":2}},"352":{"start":{"line":999,"column":2},"end":{"line":1004,"column":3}},"353":{"start":{"line":1000,"column":4},"end":{"line":1002,"column":5}},"354":{"start":{"line":1001,"column":6},"end":{"line":1001,"column":57}},"355":{"start":{"line":1001,"column":45},"end":{"line":1001,"column":57}},"356":{"start":{"line":1003,"column":4},"end":{"line":1003,"column":17}},"357":{"start":{"line":1005,"column":2},"end":{"line":1005,"column":39}},"358":{"start":{"line":1008,"column":0},"end":{"line":1010,"column":2}},"359":{"start":{"line":1009,"column":2},"end":{"line":1009,"column":45}},"360":{"start":{"line":1015,"column":0},"end":{"line":1016,"column":2}},"361":{"start":{"line":1019,"column":0},"end":{"line":1020,"column":2}},"362":{"start":{"line":1023,"column":0},"end":{"line":1024,"column":2}},"363":{"start":{"line":1027,"column":0},"end":{"line":1028,"column":2}},"364":{"start":{"line":1031,"column":0},"end":{"line":1032,"column":2}},"365":{"start":{"line":1035,"column":0},"end":{"line":1036,"column":2}},"366":{"start":{"line":1039,"column":0},"end":{"line":1040,"column":2}},"367":{"start":{"line":1050,"column":0},"end":{"line":1054,"column":2}},"368":{"start":{"line":1051,"column":2},"end":{"line":1051,"column":17}},"369":{"start":{"line":1052,"column":2},"end":{"line":1052,"column":19}},"370":{"start":{"line":1053,"column":2},"end":{"line":1053,"column":19}},"371":{"start":{"line":1056,"column":0},"end":{"line":1068,"column":2}},"372":{"start":{"line":1057,"column":2},"end":{"line":1066,"column":3}},"373":{"start":{"line":1058,"column":4},"end":{"line":1058,"column":31}},"374":{"start":{"line":1061,"column":4},"end":{"line":1065,"column":5}},"375":{"start":{"line":1062,"column":6},"end":{"line":1062,"column":33}},"376":{"start":{"line":1064,"column":6},"end":{"line":1064,"column":24}},"377":{"start":{"line":1067,"column":2},"end":{"line":1067,"column":15}},"378":{"start":{"line":1073,"column":0},"end":{"line":1078,"column":2}},"379":{"start":{"line":1074,"column":2},"end":{"line":1074,"column":23}},"380":{"start":{"line":1075,"column":2},"end":{"line":1075,"column":24}},"381":{"start":{"line":1076,"column":2},"end":{"line":1076,"column":20}},"382":{"start":{"line":1077,"column":2},"end":{"line":1077,"column":21}},"383":{"start":{"line":1080,"column":0},"end":{"line":1087,"column":2}},"384":{"start":{"line":1081,"column":2},"end":{"line":1081,"column":22}},"385":{"start":{"line":1082,"column":2},"end":{"line":1082,"column":39}},"386":{"start":{"line":1083,"column":2},"end":{"line":1086,"column":3}},"387":{"start":{"line":1084,"column":4},"end":{"line":1084,"column":26}},"388":{"start":{"line":1085,"column":4},"end":{"line":1085,"column":46}},"389":{"start":{"line":1089,"column":0},"end":{"line":1091,"column":2}},"390":{"start":{"line":1090,"column":2},"end":{"line":1090,"column":22}},"391":{"start":{"line":1093,"column":0},"end":{"line":1109,"column":2}},"392":{"start":{"line":1094,"column":2},"end":{"line":1094,"column":53}},"393":{"start":{"line":1095,"column":2},"end":{"line":1100,"column":4}},"394":{"start":{"line":1102,"column":2},"end":{"line":1107,"column":3}},"395":{"start":{"line":1103,"column":4},"end":{"line":1103,"column":42}},"396":{"start":{"line":1104,"column":4},"end":{"line":1106,"column":5}},"397":{"start":{"line":1105,"column":6},"end":{"line":1105,"column":58}},"398":{"start":{"line":1108,"column":2},"end":{"line":1108,"column":17}},"399":{"start":{"line":1111,"column":0},"end":{"line":1113,"column":2}},"400":{"start":{"line":1112,"column":2},"end":{"line":1112,"column":23}},"401":{"start":{"line":1115,"column":0},"end":{"line":1117,"column":2}},"402":{"start":{"line":1116,"column":2},"end":{"line":1116,"column":31}},"403":{"start":{"line":1120,"column":0},"end":{"line":1122,"column":2}},"404":{"start":{"line":1121,"column":2},"end":{"line":1121,"column":23}},"405":{"start":{"line":1125,"column":0},"end":{"line":1126,"column":2}},"406":{"start":{"line":1129,"column":0},"end":{"line":1134,"column":2}},"407":{"start":{"line":1130,"column":2},"end":{"line":1133,"column":4}},"408":{"start":{"line":1137,"column":0},"end":{"line":1138,"column":2}},"409":{"start":{"line":1140,"column":0},"end":{"line":1147,"column":2}},"410":{"start":{"line":1141,"column":2},"end":{"line":1141,"column":19}},"411":{"start":{"line":1142,"column":2},"end":{"line":1145,"column":3}},"412":{"start":{"line":1143,"column":4},"end":{"line":1143,"column":28}},"413":{"start":{"line":1144,"column":4},"end":{"line":1144,"column":67}},"414":{"start":{"line":1146,"column":2},"end":{"line":1146,"column":17}},"415":{"start":{"line":1149,"column":0},"end":{"line":1169,"column":2}},"416":{"start":{"line":1150,"column":2},"end":{"line":1150,"column":27}},"417":{"start":{"line":1151,"column":2},"end":{"line":1151,"column":46}},"418":{"start":{"line":1152,"column":2},"end":{"line":1163,"column":3}},"419":{"start":{"line":1153,"column":4},"end":{"line":1153,"column":54}},"420":{"start":{"line":1154,"column":4},"end":{"line":1162,"column":7}},"421":{"start":{"line":1165,"column":2},"end":{"line":1168,"column":4}},"422":{"start":{"line":1177,"column":0},"end":{"line":1183,"column":2}},"423":{"start":{"line":1178,"column":2},"end":{"line":1178,"column":17}},"424":{"start":{"line":1179,"column":2},"end":{"line":1179,"column":23}},"425":{"start":{"line":1180,"column":2},"end":{"line":1180,"column":19}},"426":{"start":{"line":1181,"column":2},"end":{"line":1181,"column":34}},"427":{"start":{"line":1182,"column":2},"end":{"line":1182,"column":32}},"428":{"start":{"line":1186,"column":0},"end":{"line":1188,"column":2}},"429":{"start":{"line":1187,"column":2},"end":{"line":1187,"column":100}},"430":{"start":{"line":1191,"column":0},"end":{"line":1193,"column":2}},"431":{"start":{"line":1192,"column":2},"end":{"line":1192,"column":116}},"432":{"start":{"line":1195,"column":0},"end":{"line":1201,"column":2}},"433":{"start":{"line":1196,"column":2},"end":{"line":1200,"column":3}},"434":{"start":{"line":1197,"column":4},"end":{"line":1197,"column":41}},"435":{"start":{"line":1197,"column":32},"end":{"line":1197,"column":41}},"436":{"start":{"line":1198,"column":4},"end":{"line":1198,"column":37}},"437":{"start":{"line":1199,"column":4},"end":{"line":1199,"column":88}},"438":{"start":{"line":1203,"column":0},"end":{"line":1243,"column":2}},"439":{"start":{"line":1204,"column":2},"end":{"line":1242,"column":4}},"440":{"start":{"line":1205,"column":4},"end":{"line":1205,"column":58}},"441":{"start":{"line":1206,"column":4},"end":{"line":1206,"column":56}},"442":{"start":{"line":1208,"column":4},"end":{"line":1210,"column":5}},"443":{"start":{"line":1209,"column":6},"end":{"line":1209,"column":23}},"444":{"start":{"line":1212,"column":4},"end":{"line":1212,"column":45}},"445":{"start":{"line":1212,"column":31},"end":{"line":1212,"column":45}},"446":{"start":{"line":1214,"column":4},"end":{"line":1214,"column":16}},"447":{"start":{"line":1215,"column":4},"end":{"line":1232,"column":5}},"448":{"start":{"line":1216,"column":6},"end":{"line":1231,"column":7}},"449":{"start":{"line":1217,"column":8},"end":{"line":1217,"column":54}},"450":{"start":{"line":1218,"column":8},"end":{"line":1220,"column":9}},"451":{"start":{"line":1219,"column":10},"end":{"line":1219,"column":48}},"452":{"start":{"line":1222,"column":8},"end":{"line":1222,"column":109}},"453":{"start":{"line":1222,"column":76},"end":{"line":1222,"column":105}},"454":{"start":{"line":1223,"column":8},"end":{"line":1223,"column":107}},"455":{"start":{"line":1224,"column":8},"end":{"line":1229,"column":9}},"456":{"start":{"line":1225,"column":10},"end":{"line":1228,"column":11}},"457":{"start":{"line":1226,"column":12},"end":{"line":1226,"column":38}},"458":{"start":{"line":1226,"column":23},"end":{"line":1226,"column":38}},"459":{"start":{"line":1227,"column":12},"end":{"line":1227,"column":56}},"460":{"start":{"line":1230,"column":8},"end":{"line":1230,"column":23}},"461":{"start":{"line":1233,"column":4},"end":{"line":1239,"column":7}},"462":{"start":{"line":1240,"column":4},"end":{"line":1240,"column":50}},"463":{"start":{"line":1241,"column":4},"end":{"line":1241,"column":29}},"464":{"start":{"line":1252,"column":0},"end":{"line":1254,"column":2}},"465":{"start":{"line":1253,"column":2},"end":{"line":1253,"column":34}},"466":{"start":{"line":1261,"column":0},"end":{"line":1263,"column":2}},"467":{"start":{"line":1262,"column":2},"end":{"line":1262,"column":34}},"468":{"start":{"line":1270,"column":0},"end":{"line":1272,"column":2}},"469":{"start":{"line":1271,"column":2},"end":{"line":1271,"column":49}},"470":{"start":{"line":1279,"column":0},"end":{"line":1281,"column":2}},"471":{"start":{"line":1280,"column":2},"end":{"line":1280,"column":50}},"472":{"start":{"line":1289,"column":0},"end":{"line":1291,"column":2}},"473":{"start":{"line":1290,"column":2},"end":{"line":1290,"column":48}},"474":{"start":{"line":1298,"column":0},"end":{"line":1300,"column":2}},"475":{"start":{"line":1299,"column":2},"end":{"line":1299,"column":51}},"476":{"start":{"line":1305,"column":0},"end":{"line":1307,"column":2}},"477":{"start":{"line":1306,"column":2},"end":{"line":1306,"column":45}},"478":{"start":{"line":1312,"column":0},"end":{"line":1314,"column":2}},"479":{"start":{"line":1313,"column":2},"end":{"line":1313,"column":45}},"480":{"start":{"line":1319,"column":0},"end":{"line":1321,"column":2}},"481":{"start":{"line":1320,"column":2},"end":{"line":1320,"column":32}},"482":{"start":{"line":1326,"column":0},"end":{"line":1332,"column":2}},"483":{"start":{"line":1327,"column":2},"end":{"line":1329,"column":4}},"484":{"start":{"line":1328,"column":4},"end":{"line":1328,"column":69}},"485":{"start":{"line":1331,"column":2},"end":{"line":1331,"column":39}},"486":{"start":{"line":1337,"column":0},"end":{"line":1339,"column":2}},"487":{"start":{"line":1338,"column":2},"end":{"line":1338,"column":23}},"488":{"start":{"line":1345,"column":0},"end":{"line":1347,"column":2}},"489":{"start":{"line":1346,"column":2},"end":{"line":1346,"column":22}},"490":{"start":{"line":1353,"column":0},"end":{"line":1370,"column":2}},"491":{"start":{"line":1354,"column":2},"end":{"line":1356,"column":3}},"492":{"start":{"line":1355,"column":4},"end":{"line":1355,"column":90}},"493":{"start":{"line":1358,"column":2},"end":{"line":1360,"column":3}},"494":{"start":{"line":1359,"column":4},"end":{"line":1359,"column":80}},"495":{"start":{"line":1362,"column":2},"end":{"line":1367,"column":4}},"496":{"start":{"line":1363,"column":4},"end":{"line":1366,"column":6}},"497":
[...]
:{"line":94,"column":4},"end":{"line":94,"column":17}},"42":{"start":{"line":100,"column":0},"end":{"line":143,"column":2}},"43":{"start":{"line":101,"column":2},"end":{"line":103,"column":3}},"44":{"start":{"line":102,"column":4},"end":{"line":102,"column":68}},"45":{"start":{"line":105,"column":2},"end":{"line":105,"column":39}},"46":{"start":{"line":105,"column":21},"end":{"line":105,"column":39}},"47":{"start":{"line":109,"column":2},"end":{"line":109,"column":43}},"48":{"start":{"line":111,"column":2},"end":{"line":140,"column":3}},"49":{"start":{"line":113,"column":4},"end":{"line":113,"column":34}},"50":{"start":{"line":114,"column":9},"end":{"line":140,"column":3}},"51":{"start":{"line":117,"column":4},"end":{"line":117,"column":38}},"52":{"start":{"line":120,"column":4},"end":{"line":136,"column":5}},"53":{"start":{"line":121,"column":6},"end":{"line":121,"column":12}},"54":{"start":{"line":122,"column":6},"end":{"line":126,"column":7}},"55":{"start":{"line":123,"column":8},"end":{"line":123,"column":38}},"56":{"start":{"line":125,"column":8},"end":{"line":125,"column":32}},"57":{"start":{"line":128,"column":6},"end":{"line":135,"column":7}},"58":{"start":{"line":129,"column":8},"end":{"line":129,"column":41}},"59":{"start":{"line":130,"column":8},"end":{"line":133,"column":49}},"60":{"start":{"line":134,"column":8},"end":{"line":134,"column":24}},"61":{"start":{"line":139,"column":4},"end":{"line":139,"column":56}},"62":{"start":{"line":142,"column":2},"end":{"line":142,"column":14}},"63":{"start":{"line":145,"column":0},"end":{"line":145,"column":63}},"64":{"start":{"line":147,"column":0},"end":{"line":158,"column":2}},"65":{"start":{"line":148,"column":2},"end":{"line":148,"column":18}},"66":{"start":{"line":149,"column":2},"end":{"line":152,"column":3}},"67":{"start":{"line":150,"column":4},"end":{"line":150,"column":33}},"68":{"start":{"line":151,"column":4},"end":{"line":151,"column":36}},"69":{"start":{"line":154,"column":2},"end":{"line":154,"column":24}},"70":{"start":{"line":155,"column":2},"end":{"line":155,"column":19}},"71":{"start":{"line":157,"column":2},"end":{"line":157,"column":14}},"72":{"start":{"line":160,"column":0},"end":{"line":192,"column":2}},"73":{"start":{"line":161,"column":2},"end":{"line":163,"column":3}},"74":{"start":{"line":162,"column":4},"end":{"line":162,"column":71}},"75":{"start":{"line":166,"column":2},"end":{"line":166,"column":56}},"76":{"start":{"line":166,"column":44},"end":{"line":166,"column":56}},"77":{"start":{"line":168,"column":2},"end":{"line":168,"column":32}},"78":{"start":{"line":170,"column":2},"end":{"line":189,"column":3}},"79":{"start":{"line":171,"column":4},"end":{"line":171,"column":22}},"80":{"start":{"line":172,"column":4},"end":{"line":179,"column":5}},"81":{"start":{"line":173,"column":6},"end":{"line":178,"column":7}},"82":{"start":{"line":176,"column":8},"end":{"line":176,"column":21}},"83":{"start":{"line":177,"column":8},"end":{"line":177,"column":14}},"84":{"start":{"line":181,"column":4},"end":{"line":181,"column":34}},"85":{"start":{"line":181,"column":22},"end":{"line":181,"column":34}},"86":{"start":{"line":182,"column":4},"end":{"line":182,"column":29}},"87":{"start":{"line":183,"column":4},"end":{"line":184,"column":32}},"88":{"start":{"line":184,"column":6},"end":{"line":184,"column":32}},"89":{"start":{"line":185,"column":9},"end":{"line":189,"column":3}},"90":{"start":{"line":188,"column":4},"end":{"line":188,"column":30}},"91":{"start":{"line":191,"column":2},"end":{"line":191,"column":14}},"92":{"start":{"line":194,"column":0},"end":{"line":198,"column":2}},"93":{"start":{"line":196,"column":2},"end":{"line":196,"column":76}},"94":{"start":{"line":196,"column":50},"end":{"line":196,"column":76}},"95":{"start":{"line":197,"column":2},"end":{"line":197,"column":14}},"96":{"start":{"line":200,"column":0},"end":{"line":207,"column":2}},"97":{"start":{"line":201,"column":2},"end":{"line":201,"column":39}},"98":{"start":{"line":201,"column":21},"end":{"line":201,"column":39}},"99":{"start":{"line":202,"column":2},"end":{"line":202,"column":51}},"100":{"start":{"line":202,"column":27},"end":{"line":202,"column":51}},"101":{"start":{"line":203,"column":2},"end":{"line":205,"column":3}},"102":{"start":{"line":204,"column":4},"end":{"line":204,"column":46}},"103":{"start":{"line":206,"column":2},"end":{"line":206,"column":28}}},"branchMap":{"1":{"line":1,"type":"if","locations":[{"start":{"line":1,"column":-15},"end":{"line":1,"column":-15}},{"start":{"line":1,"column":-15},"end":{"line":1,"column":-15}}]},"2":{"line":7,"type":"binary-expr","locations":[{"start":{"line":7,"column":25},"end":{"line":7,"column":45}},{"start":{"line":7,"column":49},"end":{"line":7,"column":63}}]},"3":{"line":41,"type":"if","locations":[{"start":{"line":41,"column":2},"end":{"line":41,"column":2}},{"start":{"line":41,"column":2},"end":{"line":41,"column":2}}]},"4":{"line":48,"type":"if","locations":[{"start":{"line":48,"column":2},"end":{"line":48,"column":2}},{"start":{"line":48,"column":2},"end":{"line":48,"column":2}}]},"5":{"line":49,"type":"if","locations":[{"start":{"line":49,"column":4},"end":{"line":49,"column":4}},{"start":{"line":49,"column":4},"end":{"line":49,"column":4}}]},"6":{"line":49,"type":"binary-expr","locations":[{"start":{"line":49,"column":8},"end":{"line":49,"column":21}},{"start":{"line":49,"column":25},"end":{"line":49,"column":44}},{"start":{"line":50,"column":9},"end":{"line":50,"column":36}},{"start":{"line":50,"column":40},"end":{"line":50,"column":66}}]},"7":{"line":52,"type":"if","locations":[{"start":{"line":52,"column":6},"end":{"line":52,"column":6}},{"start":{"line":52,"column":6},"end":{"line":52,"column":6}}]},"8":{"line":61,"type":"if","locations":[{"start":{"line":61,"column":2},"end":{"line":61,"column":2}},{"start":{"line":61,"column":2},"end":{"line":61,"column":2}}]},"9":{"line":63,"type":"if","locations":[{"start":{"line":63,"column":2},"end":{"line":63,"column":2}},{"start":{"line":63,"column":2},"end":{"line":63,"column":2}}]},"10":{"line":65,"type":"if","locations":[{"start":{"line":65,"column":2},"end":{"line":65,"column":2}},{"start":{"line":65,"column":2},"end":{"line":65,"column":2}}]},"11":{"line":66,"type":"switch","locations":[{"start":{"line":68,"column":6},"end":{"line":70,"column":14}},{"start":{"line":71,"column":6},"end":{"line":73,"column":14}},{"start":{"line":74,"column":6},"end":{"line":76,"column":14}},{"start":{"line":78,"column":6},"end":{"line":80,"column":34}}]},"12":{"line":84,"type":"if","locations":[{"start":{"line":84,"column":9},"end":{"line":84,"column":9}},{"start":{"line":84,"column":9},"end":{"line":84,"column":9}}]},"13":{"line":101,"type":"if","locations":[{"start":{"line":101,"column":2},"end":{"line":101,"column":2}},{"start":{"line":101,"column":2},"end":{"line":101,"column":2}}]},"14":{"line":105,"type":"if","locations":[{"start":{"line":105,"column":2},"end":{"line":105,"column":2}},{"start":{"line":105,"column":2},"end":{"line":105,"column":2}}]},"15":{"line":111,"type":"if","locations":[{"start":{"line":111,"column":2},"end":{"line":111,"column":2}},{"start":{"line":111,"column":2},"end":{"line":111,"column":2}}]},"16":{"line":114,"type":"if","locations":[{"start":{"line":114,"column":9},"end":{"line":114,"column":9}},{"start":{"line":114,"column":9},"end":{"line":114,"column":9}}]},"17":{"line":120,"type":"if","locations":[{"start":{"line":120,"column":4},"end":{"line":120,"column":4}},{"start":{"line":120,"column":4},"end":{"line":120,"column":4}}]},"18":{"line":122,"type":"if","locations":[{"start":{"line":122,"column":6},"end":{"line":122,"column":6}},{"start":{"line":122,"column":6},"end":{"line":122,"column":6}}]},"19":{"line":128,"type":"if","locations":[{"start":{"line":128,"column":6},"end":{"line":128,"column":6}},{"start":{"line":128,"column":6},"end":{"line":128,"column":6}}]},"20":{"line":128,"type":"binary-expr","locations":[{"start":{"line":128,"column":10},"end":{"line":128,"column":11}},{"start":{"line":128,"column":15},"end":{"line":128,"column":20}},{"start":{"line":128,"column":24},"end":{"line":128,"column":53}}]},"21":{"line":161,"type":"if","locations":[{"start":{"line":161,"column":2},"end":{"line":161,"column":2}},{"start":{"line":161,"column":2},"end":{"line":161,"column":2}}]},"22":{"line":166,"type":"if","locations":[{"start":{"line":166,"column":2},"end":{"line":166,"column":2}},{"start":{"line":166,"column":2},"end":{"line":166,"column":2}}]},"23":{"line":166,"type":"binary-expr","locations":[{"start":{"line":166,"column":6},"end":{"line":166,"column":19}},{"start":{"line":166,"column":23},"end":{"line":166,"column":42}}]},"24":{"line":170,"type":"if","locations":[{"start":{"line":170,"column":2},"end":{"line":170,"column":2}},{"start":{"line":170,"column":2},"end":{"line":170,"column":2}}]},"25":{"line":173,"type":"if","locations":[{"start":{"line":173,"column":6},"end":{"line":173,"column":6}},{"start":{"line":173,"column":6},"end":{"line":173,"column":6}}]},"26":{"line":173,"type":"binary-expr","locations":[{"start":{"line":173,"column":10},"end":{"line":173,"column":30}},{"start":{"line":174,"column":11},"end":{"line":174,"column":27}},{"start":{"line":174,"column":31},"end":{"line":174,"column":60}}]},"27":{"line":181,"type":"if","locations":[{"start":{"line":181,"column":4},"end":{"line":181,"column":4}},{"start":{"line":181,"column":4},"end":{"line":181,"column":4}}]},"28":{"line":183,"type":"if","locations":[{"start":{"line":183,"column":4},"end":{"line":183,"column":4}},{"start":{"line":183,"column":4},"end":{"line":183,"column":4}}]},"29":{"line":185,"type":"if","locations":[{"start":{"line":185,"column":9},"end":{"line":185,"column":9}},{"start":{"line":185,"column":9},"end":{"line":185,"column":9}}]},"30":{"line":185,"type":"binary-expr","locations":[{"start":{"line":185,"column":13},"end":{"line":185,"column":30}},{"start":{"line":186,"column":14},"end":{"line":186,"column":27}},{"start":{"line":186,"column":31},"end":{"line":186,"column":57}}]},"31":{"line":196,"type":"if","locations":[{"start":{"line":196,"column":2},"end":{"line":196,"column":2}},{"start":{"line":196,"column":2},"end":{"line":196,"column":2}}]},"32":{"line":196,"type":"binary-expr","locations":[{"start":{"line":196,"column":6},"end":{"line":196,"column":10}},{"start":{"line":196,"column":14},"end":{"line":196,"column":26}},{"start":{"line":196,"column":30},"end":{"line":196,"column":48}}]},"33":{"line":201,"type":"if","locations":[{"start":{"line":201,"column":2},"end":{"line":201,"column":2}},{"start":{"line":201,"column":2},"end":{"line":201,"column":2}}]},"34":{"line":202,"type":"if","locations":[{"start":{"line":202,"column":2},"end":{"line":202,"column":2}},{"start":{"line":202,"column":2},"end":{"line":202,"column":2}}]},"35":{"line":203,"type":"if","locations":[{"start":{"line":203,"column":2},"end":{"line":203,"column":2}},{"start":{"line":203,"column":2},"end":{"line":203,"column":2}}]}},"l":{"1":1,"2":1,"4":1,"7":1,"30":1,"31":1,"39":1,"40":1,"41":0,"42":0,"46":1,"48":0,"49":0,"52":0,"53":0,"55":0,"57":0,"61":0,"62":0,"63":0,"65":0,"66":0,"69":0,"70":0,"72":0,"73":0,"75":0,"76":0,"79":0,"80":0,"82":0,"84":0,"85":0,"87":0,"88":0,"89":0,"91":0,"94":0,"100":1,"101":0,"102":0,"105":0,"109":0,"111":0,"113":0,"114":0,"117":0,"120":0,"121":0,"122":0,"123":0,"125":0,"128":0,"129":0,"130":0,"134":0,"139":0,"142":0,"145":1,"147":1,"148":0,"149":1,"150":0,"151":0,"154":0,"155":0,"157":0,"160":1,"161":0,"162":0,"166":0,"168":0,"170":0,"171":0,"172":0,"173":0,"176":0,"177":0,"181":0,"182":0,"183":0,"184":0,"185":0,"188":0,"191":0,"194":1,"196":0,"197":0,"200":1,"201":0,"202":0,"203":0,"204":0,"206":0}},"/Library/WebServer/Documents/phantomjs-test-suite/spec/unit/my-module.test.js":{"path":"/Library/WebServer/Documents/phantomjs-test-suite/spec/unit/my-module.test.js","s":{"1":1,"2":1,"3":5,"4":5,"5":1,"6":1,"7":1,"8":1,"9":1,"10":1,"11":1,"12":1,"13":1,"14":1,"15":1,"16":1,"17":1,"18":1,"19":1,"20":1,"21":1,"22":2,"23":2,"24":1,"25":1,"26":1,"27":1,"28":1,"29":1,"30":1,"31":1,"32":1,"33":1,"34":1,"35":1,"36":1,"37":1,"38":1,"39":1,"40":1,"41":1,"42":1,"43":1,"44":1,"45":1,"46":1,"47":1},"b":{},"f":{"1":1,"2":5,"3":1,"4":1,"5":1,"6":1,"7":1,"8":1,"9":1,"10":1,"11":1,"12":1,"13":2,"14":1,"15":1,"16":1,"17":0,"18":0,"19":1,"20":1,"21":1,"22":1,"23":0,"24":1,"25":1,"26":1},"fnMap":{"1":{"name":"(anonymous_1)","line":1,"loc":{"start":{"line":1,"column":21},"end":{"line":1,"column":32}}},"2":{"name":"(anonymous_2)","line":3,"loc":{"start":{"line":3,"column":13},"end":{"line":3,"column":24}}},"3":{"name":"(anonymous_3)","line":8,"loc":{"start":{"line":8,"column":22},"end":{"line":8,"column":33}}},"4":{"name":"(anonymous_4)","line":10,"loc":{"start":{"line":10,"column":41},"end":{"line":10,"column":52}}},"5":{"name":"(anonymous_5)","line":16,"loc":{"start":{"line":16,"column":21},"end":{"line":16,"column":32}}},"6":{"name":"(anonymous_6)","line":18,"loc":{"start":{"line":18,"column":47},"end":{"line":18,"column":58}}},"7":{"name":"(anonymous_7)","line":20,"loc":{"start":{"line":20,"column":17},"end":{"line":20,"column":28}}},"8":{"name":"(anonymous_8)","line":24,"loc":{"start":{"line":24,"column":52},"end":{"line":24,"column":63}}},"9":{"name":"(anonymous_9)","line":30,"loc":{"start":{"line":30,"column":49},"end":{"line":30,"column":60}}},"10":{"name":"(anonymous_10)","line":32,"loc":{"start":{"line":32,"column":17},"end":{"line":32,"column":28}}},"11":{"name":"(anonymous_11)","line":37,"loc":{"start":{"line":37,"column":52},"end":{"line":37,"column":63}}},"12":{"name":"(anonymous_12)","line":43,"loc":{"start":{"line":43,"column":26},"end":{"line":43,"column":37}}},"13":{"name":"(anonymous_13)","line":45,"loc":{"start":{"line":45,"column":17},"end":{"line":45,"column":28}}},"14":{"name":"(anonymous_14)","line":50,"loc":{"start":{"line":50,"column":43},"end":{"line":50,"column":54}}},"15":{"name":"(anonymous_15)","line":54,"loc":{"start":{"line":54,"column":26},"end":{"line":54,"column":37}}},"16":{"name":"(anonymous_16)","line":56,"loc":{"start":{"line":56,"column":19},"end":{"line":56,"column":30}}},"17":{"name":"(anonymous_17)","line":59,"loc":{"start":{"line":59,"column":20},"end":{"line":59,"column":31}}},"18":{"name":"(anonymous_18)","line":62,"loc":{"start":{"line":62,"column":18},"end":{"line":62,"column":29}}},"19":{"name":"(anonymous_19)","line":65,"loc":{"start":{"line":65,"column":52},"end":{"line":65,"column":72}}},"20":{"name":"(anonymous_20)","line":71,"loc":{"start":{"line":71,"column":57},"end":{"line":71,"column":68}}},"21":{"name":"(anonymous_21)","line":73,"loc":{"start":{"line":73,"column":21},"end":{"line":73,"column":32}}},"22":{"name":"(anonymous_22)","line":75,"loc":{"start":{"line":75,"column":17},"end":{"line":75,"column":28}}},"23":{"name":"(anonymous_23)","line":80,"loc":{"start":{"line":80,"column":29},"end":{"line":80,"column":40}}},"24":{"name":"(anonymous_24)","line":82,"loc":{"start":{"line":82,"column":49},"end":{"line":82,"column":64}}},"25":{"name":"(anonymous_25)","line":90,"loc":{"start":{"line":90,"column":21},"end":{"line":90,"column":40}}},"26":{"name":"(anonymous_26)","line":96,"loc":{"start":{"line":96,"column":83},"end":{"line":96,"column":94}}}},"statementMap":{"1":{"start":{"line":1,"column":0},"end":{"line":108,"column":3}},"2":{"start":{"line":3,"column":2},"end":{"line":6,"column":5}},"3":{"start":{"line":4,"column":4},"end":{"line":4,"column":51}},"4":{"start":{"line":5,"column":4},"end":{"line":5,"column":66}},"5":{"start":{"line":8,"column":2},"end":{"line":14,"column":5}},"6":{"start":{"line":10,"column":4},"end":{"line":12,"column":7}},"7":{"start":{"line":11,"column":6},"end":{"line":11,"column":48}},"8":{"start":{"line":16,"column":2},"end":{"line":106,"column":5}},"9":{"start":{"line":18,"column":4},"end":{"line":28,"column":7}},"10":{"start":{"line":20,"column":6},"end":{"line":22,"column":9}},"11":{"start":{"line":21,"column":8},"end":{"line":21,"column":47}},"12":{"start":{"line":24,"column":6},"end":{"line":26,"column":9}},"13":{"start":{"line":25,"column":8},"end":{"line":25,"column":43}},"14":{"start":{"line":30,"column":4},"end":{"line":41,"column":7}},"15":{"start":{"line":32,"column":6},"end":{"line":35,"column":9}},"16":{"start":{"line":33,"column":8},"end":{"line":33,"column":30}},"17":{"start":{"line":34,"column":8},"end":{"line":34,"column":63}},"18":{"start":{"line":37,"column":6},"end":{"line":39,"column":9}},"19":{"start":{"line":38,"column":8},"end":{"line":38,"column":43}},"20":{"start":{"line":43,"column":4},"end":{"line":104,"column":7}},"21":{"start":{"line":45,"column":6},"end":{"line":48,"column":9}},"22":{"start":{"line":46,"column":8},"end":{"line":46,"column":47}},"23":{"start":{"line":47,"column":8},"end":{"line":47,"column":71}},"24":{"start":{"line":50,"column":6},"end":{"line":52,"column":9}},"25":{"start":{"line":51,"column":8},"end":{"line":51,"column":52}},"26":{"start":{"line":54,"column":6},"end":{"line":102,"column":9}},"27":{"start":{"line":56,"column":8},"end":{"line":69,"column":11}},"28":{"start":{"line":57,"column":10},"end":{"line":57,"column":27}},"29":{"start":{"line":58,"column":10},"end":{"line":60,"column":12}},"30":{"start":{"line":61,"column":10},"end":{"line":63,"column":12}},"31":{"start":{"line":64,"column":10},"end":{"line":64,"column":71}},"32":{"start":{"line":65,"column":10},"end":{"line":67,"column":13}},"33":{"start":{"line":66,"column":12},"end":{"line":66,"column":33}},"34":{"start":{"line":68,"column":10},"end":{"line":68,"column":68}},"35":{"start":{"line":71,"column":8},"end":{"line":100,"column":11}},"36":{"start":{"line":73,"column":10},"end":{"line":94,"column":13}},"37":{"start":{"line":75,"column":12},"end":{"line":88,"column":15}},"38":{"start":{"line":77,"column":14},"end":{"line":77,"column":31}},"39":{"start":{"line":79,"column":14},"end":{"line":79,"column":33}},"40":{"start":{"line":80,"column":14},"end":{"line":80,"column":43}},"41":{"start":{"line":82,"column":14},"end":{"line":84,"column":17}},"42":{"start":{"line":83,"column":16},"end":{"line":83,"column":34}},"43":{"start":{"line":86,"column":14},"end":{"line":86,"column":106}},"44":{"start":{"line":90,"column":12},"end":{"line":92,"column":15}},"45":{"start":{"line":91,"column":14},"end":{"line":91,"column":41}},"46":{"start":{"line":96,"column":10},"end":{"line":98,"column":13}},"47":{"start":{"line":97,"column":12},"end":{"line":97,"column":51}}},"branchMap":{},"l":{"1":1,"3":1,"4":5,"5":5,"8":1,"10":1,"11":1,"16":1,"18":1,"20":1,"21":1,"24":1,"25":1,"30":1,"32":1,"33":1,"34":1,"37":1,"38":1,"43":1,"45":1,"46":2,"47":2,"50":1,"51":1,"54":1,"56":1,"57":1,"58":1,"61":1,"64":1,"65":1,"66":1,"68":1,"71":1,"73":1,"75":1,"77":1,"79":1,"80":1,"82":1,"83":1,"86":1,"90":1,"91":1,"96":1,"97":1}},"/Library/WebServer/Documents/phantomjs-test-suite/src/my-module.js":{"path":"/Library/WebServer/Documents/phantomjs-test-suite/src/my-module.js","s":{"1":1,"2":5,"3":5,"4":1,"5":1,"6":1},"b":{"1":[5,3]},"f":{"1":5,"2":1,"3":1},"fnMap":{"1":{"name":"(anonymous_1)","line":8,"loc":{"start":{"line":8,"column":10},"end":{"line":8,"column":28}}},"2":{"name":"(anonymous_2)","line":21,"loc":{"start":{"line":21,"column":15},"end":{"line":21,"column":35}}},"3":{"name":"(anonymous_3)","line":23,"loc":{"start":{"line":23,"column":23},"end":{"line":23,"column":34}}}},"statementMap":{"1":{"start":{"line":1,"column":0},"end":{"line":32,"column":2}},"2":{"start":{"line":11,"column":4},"end":{"line":11,"column":44}},"3":{"start":{"line":13,"column":4},"end":{"line":28,"column":6}},"4":{"start":{"line":22,"column":8},"end":{"line":22,"column":36}},"5":{"start":{"line":23,"column":8},"end":{"line":25,"column":11}},"6":{"start":{"line":24,"column":10},"end":{"line":24,"column":21}}},"branchMap":{"1":{"line":11,"type":"binary-expr","locations":[{"start":{"line":11,"column":14},"end":{"line":11,"column":21}},{"start":{"line":11,"column":25},"end":{"line":11,"column":43}}]}},"l":{"1":1,"11":5,"13":5,"22":1,"23":1,"24":1}}}