{"/Library/WebServer/Documents/phantomjs-test-suite/src/my-module.js":{"path":"/Library/WebServer/Documents/phantomjs-test-suite/src/my-module.js","s":{"1":1,"2":5,"3":5,"4":1,"5":1,"6":1},"b":{"1":[5,3]},"f":{"1":5,"2":1,"3":1},"fnMap":{"1":{"name":"(anonymous_1)","line":8,"loc":{"start":{"line":8,"column":10},"end":{"line":8,"column":28}}},"2":{"name":"(anonymous_2)","line":21,"loc":{"start":{"line":21,"column":15},"end":{"line":21,"column":35}}},"3":{"name":"(anonymous_3)","line":23,"loc":{"start":{"line":23,"column":23},"end":{"line":23,"column":34}}}},"statementMap":{"1":{"start":{"line":1,"column":0},"end":{"line":32,"column":2}},"2":{"start":{"line":11,"column":4},"end":{"line":11,"column":44}},"3":{"start":{"line":13,"column":4},"end":{"line":28,"column":6}},"4":{"start":{"line":22,"column":8},"end":{"line":22,"column":36}},"5":{"start":{"line":23,"column":8},"end":{"line":25,"column":11}},"6":{"start":{"line":24,"column":10},"end":{"line":24,"column":21}}},"branchMap":{"1":{"line":11,"type":"binary-expr","locations":[{"start":{"line":11,"column":14},"end":{"line":11,"column":21}},{"start":{"line":11,"column":25},"end":{"line":11,"column":43}}]}},"l":{"1":1,"11":5,"13":5,"22":1,"23":1,"24":1}}}